<?xml version="1.0" encoding="utf-8"?><testsuites><testsuite name="pytest" errors="0" failures="49" skipped="29" tests="5223" time="60.292" timestamp="2026-09-14T18:37:03.119247" hostname="host1763131316"><testcase classname="tests.test_audit_repro_v3_probes_v1.TestAuditReproSchema" name="test_all_eight_probes_present" time="0.258" /><testcase classname="tests.test_audit_repro_v3_probes_v1.TestAuditReproSchema" name="test_probes_have_status_and_evidence" time="0.225" /><testcase classname="tests.test_audit_repro_v3_probes_v1.TestAuditReproSchema" name="test_probe_errors_count_matches_unknown_count" time="0.224" /><testcase classname="tests.test_audit_repro_v3_probes_v1.TestAuditReproSchema" name="test_run_id_unique_per_invocation" time="0.451" /><testcase classname="tests.test_audit_repro_v3_probes_v1.TestAuditReproSchema" name="test_schema_version_present" time="0.230" /><testcase classname="tests.test_audit_repro_v3_probes_v1.TestAuditReproSchema" name="test_head_sha_present" time="0.216" /><testcase classname="tests.test_audit_repro_v3_probes_v1.TestAuditReproSchema" name="test_counts_structure" time="0.228" /><testcase classname="tests.test_audit_repro_v3_probes_v1.TestAuditReproSchema" name="test_started_at_and_finished_at_present" time="0.282" /><testcase classname="tests.test_audit_repro_v3_probes_v1.TestAuditReproSchema" name="test_scope_and_tested_code_sha_present" time="0.274" /><testcase classname="tests.test_audit_repro_v3_probes_v1.TestAuditReproSchema" name="test_head_sha_matches_bound_value" time="0.248" /><testcase classname="tests.test_audit_repro_v3_probes_v1.TestAuditReproSchema" name="test_invalid_mode_rejected" time="0.004" /><testcase classname="tests.test_audit_repro_v3_probes_v1.TestProbeCompleteness" name="test_all_probe_ids_are_r01_to_r08" time="0.228" /><testcase classname="tests.test_audit_repro_v3_probes_v1.TestProbeCompleteness" name="test_no_duplicate_probe_ids" time="0.236" /><testcase classname="tests.test_base_m1_executor_c4" name="test_abi_selectors_match_official_npm_interfaces" time="0.000" /><testcase classname="tests.test_base_m1_executor_c4" name="test_approve_exact_and_exit_revoke_never_approve_max" time="0.001" /><testcase classname="tests.test_base_m1_executor_c4" name="test_broadcast_raises_unless_both_process_start_gates_open[environment0-]" time="0.001" /><testcase classname="tests.test_base_m1_executor_c4" name="test_broadcast_raises_unless_both_process_start_gates_open[environment1-]" time="0.001" /><testcase classname="tests.test_base_m1_executor_c4" name="test_broadcast_raises_unless_both_process_start_gates_open[environment2-CONFIRM_BASE_M1_LIVE_BROADCAST]" time="0.001" /><testcase classname="tests.test_base_m1_executor_c4" name="test_dual_unlock_can_reach_injected_fake_transport_only" time="0.000" /><testcase classname="tests.test_base_m1_executor_c4" name="test_each_of_five_preflight_checks_fails_closed[simulate_ok]" time="0.001" /><testcase classname="tests.test_base_m1_executor_c4" name="test_each_of_five_preflight_checks_fails_closed[quote_ok]" time="0.001" /><testcase classname="tests.test_base_m1_executor_c4" name="test_each_of_five_preflight_checks_fails_closed[basis_ok]" time="0.000" /><testcase classname="tests.test_base_m1_executor_c4" name="test_each_of_five_preflight_checks_fails_closed[rpc_health_ok]" time="0.000" /><testcase classname="tests.test_base_m1_executor_c4" name="test_each_of_five_preflight_checks_fails_closed[wallet_balance_ok]" time="0.000" /><testcase classname="tests.test_base_m1_executor_c4" name="test_whitelist_caps_ids_deadline_and_exit_only" time="0.001" /><testcase classname="tests.test_base_m1_executor_c4" name="test_all_official_slipstream_npm_deployments_are_allowlisted" time="0.001" /><testcase classname="tests.test_base_m1_executor_c4" name="test_idempotency_and_daily_cap_use_confirmed_ledger_rows" time="0.003" /><testcase classname="tests.test_base_m1_executor_c4" name="test_keystore_and_password_permissions_fail_closed" time="0.001" /><testcase classname="tests.test_base_m1_executor_c4" name="test_keystore_signer_uses_cast_without_secret_environment" time="0.001" /><testcase classname="tests.test_base_m1_executor_c4" name="test_dry_run_never_signs_or_broadcasts" time="0.001" /><testcase classname="tests.test_base_m1_executor_c4" name="test_receipt_parser_requires_success_and_stable_confirmations" time="0.000" /><testcase classname="tests.test_base_m1_executor_c4" name="test_revert_reason_decoder_handles_error_and_panic" time="0.000" /><testcase classname="tests.test_collect_bsc_fee_velocity_overnight_artifacts" name="test_script_does_not_use_rsync_delete" time="0.001" /><testcase classname="tests.test_collect_bsc_fee_velocity_overnight_artifacts" name="test_script_has_dual_mode_flags" time="0.000" /><testcase classname="tests.test_collect_bsc_fee_velocity_overnight_artifacts" name="test_script_does_not_touch_wallets" time="0.000" /><testcase classname="tests.test_collect_bsc_fee_velocity_overnight_artifacts" name="test_local_only_mode_syncs_and_warns_stale" time="0.072" /><testcase classname="tests.test_collect_bsc_fee_velocity_overnight_artifacts" name="test_local_only_mode_no_warning_when_final_is_fresh" time="0.072" /><testcase classname="tests.test_collect_bsc_fee_velocity_overnight_artifacts" name="test_local_only_mode_preserves_existing_audit_reports" time="0.075" /><testcase classname="tests.test_collect_bsc_fee_velocity_overnight_artifacts" name="test_local_mode_chosen_automatically_when_tmp_exists" time="0.073" /><testcase classname="tests.test_collect_bsc_fee_velocity_overnight_artifacts" name="test_local_only_fails_when_tmp_missing" time="0.010" /><testcase classname="tests.test_collect_bsc_fee_velocity_overnight_artifacts" name="test_missing_run_id_exits_nonzero" time="0.005" /><testcase classname="tests.test_d4_paper_position_integration" name="test_no_hedge_surface_on_position" time="0.000" /><testcase classname="tests.test_d4_paper_position_integration" name="test_eth_exposure_diagnostic_is_set_and_positive" time="0.000" /><testcase classname="tests.test_d4_paper_position_integration" name="test_in_range_swap_accrues_fee_out_of_range_does_not" time="0.000" /><testcase classname="tests.test_d4_paper_position_integration" name="test_fee_share_is_realistic_not_proxy" time="0.000" /><testcase classname="tests.test_d4_paper_position_integration" name="test_net_is_lp_only_no_hedge_no_il_double_count" time="0.000" /><testcase classname="tests.test_d4_paper_position_integration" name="test_mark_at_entry_is_flat" time="0.001" /><testcase classname="tests.test_d4_paper_position_integration" name="test_up_move_in_range_lp_gains_fee_dominates_when_calm" time="0.000" /><testcase classname="tests.test_d4_paper_position_integration" name="test_to_dict_has_no_hedge_keys" time="0.000" /><testcase classname="tests.test_finalize_bsc_fee_velocity_overnight_run_v1_readonly" name="test_script_has_no_wallet_or_tx_symbols" time="0.002" /><testcase classname="tests.test_finalize_bsc_fee_velocity_overnight_run_v1_readonly" name="test_script_is_marked_readonly" time="0.001" /><testcase classname="tests.test_finalize_bsc_fee_velocity_overnight_run_v1_readonly" name="test_allowed_next_stages_set_is_complete" time="0.000" /><testcase classname="tests.test_finalize_bsc_fee_velocity_overnight_run_v1_readonly" name="test_checkpoint_progress_basic" time="0.002" /><testcase classname="tests.test_finalize_bsc_fee_velocity_overnight_run_v1_readonly" name="test_checkpoint_completed_when_targets_equal_expected" time="0.002" /><testcase classname="tests.test_finalize_bsc_fee_velocity_overnight_run_v1_readonly" name="test_data_csv_header_only" time="0.002" /><testcase classname="tests.test_finalize_bsc_fee_velocity_overnight_run_v1_readonly" name="test_data_csv_with_rows" time="0.002" /><testcase classname="tests.test_finalize_bsc_fee_velocity_overnight_run_v1_readonly" name="test_stale_final_when_checkpoint_says_8_and_final_says_0" time="0.002" /><testcase classname="tests.test_finalize_bsc_fee_velocity_overnight_run_v1_readonly" name="test_stale_final_when_final_mtime_older_than_checkpoint" time="0.002" /><testcase classname="tests.test_finalize_bsc_fee_velocity_overnight_run_v1_readonly" name="test_checkpoint_8_overrides_stale_final_0_in_output" time="0.004" /><testcase classname="tests.test_finalize_bsc_fee_velocity_overnight_run_v1_readonly" name="test_running_branch_when_runner_active_does_not_touch_final" time="0.003" /><testcase classname="tests.test_finalize_bsc_fee_velocity_overnight_run_v1_readonly" name="test_partial_branch_when_runner_inactive_and_progress_incomplete" time="0.003" /><testcase classname="tests.test_finalize_bsc_fee_velocity_overnight_run_v1_readonly" name="test_partial_branch_when_completed_but_data_empty" time="0.056" /><testcase classname="tests.test_finalize_bsc_fee_velocity_overnight_run_v1_readonly" name="test_complete_branch_requires_overwrite_final_flag" time="0.003" /><testcase classname="tests.test_finalize_bsc_fee_velocity_overnight_run_v1_readonly" name="test_complete_branch_with_flag_writes_rebuilt_not_overwrite" time="0.003" /><testcase classname="tests.test_finalize_bsc_fee_velocity_overnight_run_v1_readonly" name="test_explicit_complete_overridden_when_runner_active" time="0.003" /><testcase classname="tests.test_finalize_bsc_fee_velocity_overnight_run_v1_readonly" name="test_all_branches_emit_allowed_next_stage" time="0.003" /><testcase classname="tests.test_inv_gate_02_terminal_conjunction" name="test_inv_gate_02_terminal_conjunction_source_shape_is_complete" time="0.006" /><testcase classname="tests.test_inv_gate_02_terminal_conjunction" name="test_inv_gate_02_score_row_rejects_each_false_gate[vetted]" time="0.001" /><testcase classname="tests.test_inv_gate_02_terminal_conjunction" name="test_inv_gate_02_score_row_rejects_each_false_gate[netcover_pass]" time="0.001" /><testcase classname="tests.test_inv_gate_02_terminal_conjunction" name="test_inv_gate_02_score_row_rejects_each_false_gate[entry_eligible]" time="0.000" /><testcase classname="tests.test_inv_gate_02_terminal_conjunction" name="test_inv_gate_02_score_row_rejects_each_false_gate[position_cap_pass]" time="0.001" /><testcase classname="tests.test_inv_gate_02_terminal_conjunction" name="test_inv_gate_02_enforce_rejects_each_false_gate[vetted]" time="0.000" /><testcase classname="tests.test_inv_gate_02_terminal_conjunction" name="test_inv_gate_02_enforce_rejects_each_false_gate[netcover_pass]" time="0.000" /><testcase classname="tests.test_inv_gate_02_terminal_conjunction" name="test_inv_gate_02_enforce_rejects_each_false_gate[entry_eligible]" time="0.000" /><testcase classname="tests.test_inv_gate_02_terminal_conjunction" name="test_inv_gate_02_enforce_rejects_each_false_gate[position_cap_pass]" time="0.000" /><testcase classname="tests.test_inv_gate_02_terminal_conjunction" name="test_inv_gate_02_mutation_witness_detects_each_deliberately_omitted_gate[vetted]" time="0.001" /><testcase classname="tests.test_inv_gate_02_terminal_conjunction" name="test_inv_gate_02_mutation_witness_detects_each_deliberately_omitted_gate[netcover_pass]" time="0.001" /><testcase classname="tests.test_inv_gate_02_terminal_conjunction" name="test_inv_gate_02_mutation_witness_detects_each_deliberately_omitted_gate[entry_eligible]" time="0.001" /><testcase classname="tests.test_inv_gate_02_terminal_conjunction" name="test_inv_gate_02_mutation_witness_detects_each_deliberately_omitted_gate[position_cap_pass]" time="0.001" /><testcase classname="tests.test_lp_attribution_ledger_v2_readonly" name="test_heartbeat_and_final_state_each_expose_all_23_typed_fields" time="0.002" /><testcase classname="tests.test_lp_attribution_ledger_v2_readonly" name="test_reward_linear_mark_claim_and_price_pnl_are_separate_paper_semantics" time="0.001" /><testcase classname="tests.test_lp_attribution_ledger_v2_readonly" name="test_ace_uses_usd_seconds_in_range_and_is_zero_safe" time="0.000" /><testcase classname="tests.test_lp_attribution_ledger_v2_readonly" name="test_every_exit_records_cost_basis_and_missing_depth_fallback[swap0-depth_model-None]" time="0.001" /><testcase classname="tests.test_lp_attribution_ledger_v2_readonly" name="test_every_exit_records_cost_basis_and_missing_depth_fallback[swap1-flat_placeholder-missing_liquidity]" time="0.001" /><testcase classname="tests.test_lp_attribution_ledger_v2_readonly" name="test_all_exit_modes_leave_an_explicit_allowed_cost_basis[1.2-signals0-REMOVE_ONLY]" time="0.001" /><testcase classname="tests.test_lp_attribution_ledger_v2_readonly" name="test_all_exit_modes_leave_an_explicit_allowed_cost_basis[0.8-signals1-REMOVE_TO_TARGET]" time="0.001" /><testcase classname="tests.test_lp_attribution_ledger_v2_readonly" name="test_all_exit_modes_leave_an_explicit_allowed_cost_basis[0.8-signals2-REMOVE_TO_STABLE]" time="0.001" /><testcase classname="tests.test_lp_attribution_ledger_v2_readonly" name="test_all_exit_modes_leave_an_explicit_allowed_cost_basis[0.8-signals3-PANIC_EXIT]" time="0.001" /><testcase classname="tests.test_lp_attribution_ledger_v2_readonly" name="test_staged_remove_does_not_simulate_reward_claim_before_risk_off_complete" time="0.000" /><testcase classname="tests.test_lp_attribution_ledger_v2_readonly" name="test_staged_remove_tick_keeps_readonly_price_monitoring_without_lp_accrual" time="0.001" /><testcase classname="tests.test_lp_attribution_ledger_v2_readonly" name="test_legacy_v1_heartbeat_remains_readable" time="0.001" /><testcase classname="tests.test_lp_base_10u_probe_armed_runner_monitor_v1" name="test_final_verdict_exists" time="0.000" /><testcase classname="tests.test_lp_base_10u_probe_armed_runner_monitor_v1" name="test_final_verdict_status_running_or_pass" time="0.000" /><testcase classname="tests.test_lp_base_10u_probe_armed_runner_monitor_v1" name="test_final_verdict_safety_locks_intact" time="0.000" /><testcase classname="tests.test_lp_base_10u_probe_armed_runner_monitor_v1" name="test_final_verdict_armed_runner_built" time="0.000" /><testcase classname="tests.test_lp_base_10u_probe_armed_runner_monitor_v1" name="test_final_verdict_monitor_started" time="0.000" /><testcase classname="tests.test_lp_base_10u_probe_armed_runner_monitor_v1" name="test_final_verdict_recommended_next_stage_wait_for_monitor" time="0.000" /><testcase classname="tests.test_lp_base_10u_probe_armed_runner_monitor_v1" name="test_final_verdict_recommended_next_stage_in_allowed_only" time="0.000" /><testcase classname="tests.test_lp_base_10u_probe_armed_runner_monitor_v1" name="test_final_verdict_recommended_next_stage_is_not_execution" time="0.000" /><testcase classname="tests.test_lp_base_10u_probe_armed_runner_monitor_v1" name="test_final_verdict_no_64hex_private_key_shape" time="0.001" /><testcase classname="tests.test_lp_base_10u_probe_armed_runner_monitor_v1" name="test_final_verdict_signer_path_not_called" time="0.000" /><testcase classname="tests.test_lp_base_10u_probe_armed_runner_monitor_v1" name="test_final_verdict_no_tx_called" time="0.000" /><testcase classname="tests.test_lp_base_10u_probe_armed_runner_monitor_v1" name="test_final_verdict_no_live_canary_paper" time="0.000" /><testcase classname="tests.test_lp_base_10u_probe_armed_runner_monitor_v1" name="test_artifact_present[INPUT_EVIDENCE_AUDIT_CN.md]" time="0.000" /><testcase classname="tests.test_lp_base_10u_probe_armed_runner_monitor_v1" name="test_artifact_present[input_evidence_audit.json]" time="0.000" /><testcase classname="tests.test_lp_base_10u_probe_armed_runner_monitor_v1" name="test_artifact_present[ARMED_RUNNER_BUILD_CN.md]" time="0.000" /><testcase classname="tests.test_lp_base_10u_probe_armed_runner_monitor_v1" name="test_artifact_present[armed_runner_build.json]" time="0.000" /><testcase classname="tests.test_lp_base_10u_probe_armed_runner_monitor_v1" name="test_artifact_present[ARMED_RUNNER_GATE_AUDIT_CN.md]" time="0.000" /><testcase classname="tests.test_lp_base_10u_probe_armed_runner_monitor_v1" name="test_artifact_present[armed_runner_gate_audit.json]" time="0.000" /><testcase classname="tests.test_lp_base_10u_probe_armed_runner_monitor_v1" name="test_artifact_present[ARMED_RUNNER_PREFLIGHT_SMOKE_CN.md]" time="0.000" /><testcase classname="tests.test_lp_base_10u_probe_armed_runner_monitor_v1" name="test_artifact_present[armed_runner_preflight_smoke.json]" time="0.000" /><testcase classname="tests.test_lp_base_10u_probe_armed_runner_monitor_v1" name="test_artifact_present[MONITOR_START_HEALTHCHECK_CN.md]" time="0.000" /><testcase classname="tests.test_lp_base_10u_probe_armed_runner_monitor_v1" name="test_artifact_present[monitor_start_healthcheck.json]" time="0.000" /><testcase classname="tests.test_lp_base_10u_probe_armed_runner_monitor_v1" name="test_artifact_present[MONITOR_FINALIZE_FLOW_CN.md]" time="0.000" /><testcase classname="tests.test_lp_base_10u_probe_armed_runner_monitor_v1" name="test_artifact_present[MONITOR_FINALIZE_SCHEMA_CN.md]" time="0.000" /><testcase classname="tests.test_lp_base_10u_probe_armed_runner_monitor_v1" name="test_artifact_present[FINAL_VERDICT.json]" time="0.000" /><testcase classname="tests.test_lp_base_10u_probe_armed_runner_monitor_v1" name="test_artifact_present[ONEPAGE_CN.md]" time="0.000" /><testcase classname="tests.test_lp_base_10u_probe_armed_runner_monitor_v1" name="test_artifact_present[ARTIFACT_INDEX.md]" time="0.000" /><testcase classname="tests.test_lp_base_10u_probe_armed_runner_monitor_v1" name="test_armed_runner_v1_file_exists" time="0.000" /><testcase classname="tests.test_lp_base_10u_probe_armed_runner_monitor_v1" name="test_armed_runner_v1_imports_v2" time="0.000" /><testcase classname="tests.test_lp_base_10u_probe_armed_runner_monitor_v1" name="test_armed_runner_v1_six_modes" time="0.000" /><testcase classname="tests.test_lp_base_10u_probe_armed_runner_monitor_v1" name="test_armed_runner_v1_execute_armed_hard_aborts" time="0.080" /><testcase classname="tests.test_lp_base_10u_probe_armed_runner_monitor_v1" name="test_armed_runner_v1_execute_armed_with_one_shot_phrase_still_aborts" time="0.080" /><testcase classname="tests.test_lp_base_10u_probe_armed_runner_monitor_v1" name="test_armed_runner_v1_status_mode_passes" time="0.075" /><testcase classname="tests.test_lp_base_10u_probe_armed_runner_monitor_v1" name="test_armed_runner_v1_rejects_wrong_wallet" time="0.077" /><testcase classname="tests.test_lp_base_10u_probe_armed_runner_monitor_v1" name="test_armed_runner_v1_rejects_wrong_notional" time="0.077" /><testcase classname="tests.test_lp_base_10u_probe_armed_runner_monitor_v1" name="test_armed_runner_v1_rejects_wrong_hold" time="0.093" /><testcase classname="tests.test_lp_base_10u_probe_armed_runner_monitor_v1" name="test_armed_runner_v1_no_signer_construction" time="0.000" /><testcase classname="tests.test_lp_base_10u_probe_armed_runner_monitor_v1" name="test_armed_runner_v1_does_not_call_v2_main_execute_guarded" time="0.006" /><testcase classname="tests.test_lp_base_10u_probe_armed_runner_monitor_v1" name="test_armed_runner_v1_default_no_send_true" time="0.001" /><testcase classname="tests.test_lp_base_10u_probe_armed_runner_monitor_v1" name="test_monitor_v1_file_exists" time="0.000" /><testcase classname="tests.test_lp_base_10u_probe_armed_runner_monitor_v1" name="test_monitor_v1_imports_v2" time="0.000" /><testcase classname="tests.test_lp_base_10u_probe_armed_runner_monitor_v1" name="test_monitor_v1_has_finalize_flag" time="0.000" /><testcase classname="tests.test_lp_base_10u_probe_armed_runner_monitor_v1" name="test_monitor_v1_no_signer_construction" time="0.000" /><testcase classname="tests.test_lp_base_10u_probe_armed_runner_monitor_v1" name="test_monitor_v1_rpc_methods_used_are_readonly" time="0.000" /><testcase classname="tests.test_lp_base_10u_probe_armed_runner_monitor_v1" name="test_monitor_v1_rejects_wrong_wallet" time="0.074" /><testcase classname="tests.test_lp_base_10u_probe_armed_runner_monitor_v1" name="test_v2_line_count_unchanged" time="0.001" /><testcase classname="tests.test_lp_base_10u_probe_armed_runner_monitor_v1" name="test_can_run_probe_now_false_everywhere" time="0.001" /><testcase classname="tests.test_lp_base_10u_probe_armed_runner_monitor_v1" name="test_tiny_canary_allowed_no_everywhere" time="0.001" /><testcase classname="tests.test_lp_base_10u_probe_armed_runner_monitor_v1" name="test_wallet_or_tx_touched_false_everywhere" time="0.001" /><testcase classname="tests.test_lp_base_10u_probe_armed_runner_monitor_v1" name="test_execution_allowed_now_false_everywhere" time="0.001" /><testcase classname="tests.test_lp_base_10u_probe_armed_runner_monitor_v1" name="test_hard_disable_still_active_everywhere" time="0.001" /><testcase classname="tests.test_lp_base_10u_probe_armed_runner_monitor_v1" name="test_no_64hex_private_key_shape_in_any_artifact" time="0.001" /><testcase classname="tests.test_lp_base_10u_probe_armed_runner_monitor_v1" name="test_no_signer_construction_strings" time="0.001" /><testcase classname="tests.test_lp_base_10u_probe_armed_runner_monitor_v1" name="test_v2_raises_hard_disable_when_execute_guarded_called_directly" time="0.073" /><testcase classname="tests.test_lp_base_10u_probe_authorization_package_v1" name="test_final_verdict_exists" time="0.001" /><testcase classname="tests.test_lp_base_10u_probe_authorization_package_v1" name="test_final_verdict_all_readiness_true" time="0.001" /><testcase classname="tests.test_lp_base_10u_probe_authorization_package_v1" name="test_final_verdict_safety_locks_intact" time="0.000" /><testcase classname="tests.test_lp_base_10u_probe_authorization_package_v1" name="test_recommended_next_stage_in_allowed_only" time="0.000" /><testcase classname="tests.test_lp_base_10u_probe_authorization_package_v1" name="test_recommended_next_stage_is_not_execution" time="0.000" /><testcase classname="tests.test_lp_base_10u_probe_authorization_package_v1" name="test_no_64hex_private_key_shape_in_verdict" time="0.000" /><testcase classname="tests.test_lp_base_10u_probe_authorization_package_v1" name="test_artifact_present[INPUT_EVIDENCE_AUDIT_CN.md]" time="0.001" /><testcase classname="tests.test_lp_base_10u_probe_authorization_package_v1" name="test_artifact_present[input_evidence_audit.json]" time="0.000" /><testcase classname="tests.test_lp_base_10u_probe_authorization_package_v1" name="test_artifact_present[BASE_10U_PROBE_AUTHORIZATION_SUMMARY_CN.md]" time="0.000" /><testcase classname="tests.test_lp_base_10u_probe_authorization_package_v1" name="test_artifact_present[base_10u_probe_authorization_summary.json]" time="0.001" /><testcase classname="tests.test_lp_base_10u_probe_authorization_package_v1" name="test_artifact_present[PRE_EXECUTION_FINAL_CHECKLIST_CN.md]" time="0.000" /><testcase classname="tests.test_lp_base_10u_probe_authorization_package_v1" name="test_artifact_present[pre_execution_final_checklist.json]" time="0.000" /><testcase classname="tests.test_lp_base_10u_probe_authorization_package_v1" name="test_artifact_present[AUTHORIZED_TRANSACTION_SEQUENCE_CN.md]" time="0.001" /><testcase classname="tests.test_lp_base_10u_probe_authorization_package_v1" name="test_artifact_present[authorized_transaction_sequence.json]" time="0.001" /><testcase classname="tests.test_lp_base_10u_probe_authorization_package_v1" name="test_artifact_present[MINT_RECEIPT_TOKENID_SCHEMA_CN.md]" time="0.001" /><testcase classname="tests.test_lp_base_10u_probe_authorization_package_v1" name="test_artifact_present[mint_receipt_tokenid_schema.json]" time="0.000" /><testcase classname="tests.test_lp_base_10u_probe_authorization_package_v1" name="test_artifact_present[ACTUAL_FEE_TELEMETRY_SCHEMA_CN.md]" time="0.001" /><testcase classname="tests.test_lp_base_10u_probe_authorization_package_v1" name="test_artifact_present[actual_fee_telemetry_schema.json]" time="0.000" /><testcase classname="tests.test_lp_base_10u_probe_authorization_package_v1" name="test_artifact_present[FINAL_HUMAN_APPROVAL_TEMPLATE_CN.md]" time="0.001" /><testcase classname="tests.test_lp_base_10u_probe_authorization_package_v1" name="test_artifact_present[final_human_approval_template.json]" time="0.000" /><testcase classname="tests.test_lp_base_10u_probe_authorization_package_v1" name="test_artifact_present[FINAL_RISK_ACCEPTANCE_PACKET_CN.md]" time="0.000" /><testcase classname="tests.test_lp_base_10u_probe_authorization_package_v1" name="test_artifact_present[final_risk_acceptance_packet.json]" time="0.000" /><testcase classname="tests.test_lp_base_10u_probe_authorization_package_v1" name="test_artifact_present[NEXT_EXECUTION_COMMAND_DRAFT_CN.md]" time="0.000" /><testcase classname="tests.test_lp_base_10u_probe_authorization_package_v1" name="test_artifact_present[next_execution_command_draft.json]" time="0.000" /><testcase classname="tests.test_lp_base_10u_probe_authorization_package_v1" name="test_artifact_present[FINAL_VERDICT.json]" time="0.000" /><testcase classname="tests.test_lp_base_10u_probe_authorization_package_v1" name="test_artifact_present[ONEPAGE_CN.md]" time="0.000" /><testcase classname="tests.test_lp_base_10u_probe_authorization_package_v1" name="test_artifact_present[ARTIFACT_INDEX.md]" time="0.000" /><testcase classname="tests.test_lp_base_10u_probe_authorization_package_v1" name="test_approval_phrase_exact_in_template" time="0.000" /><testcase classname="tests.test_lp_base_10u_probe_authorization_package_v1" name="test_approval_template_says_not_effective_this_round" time="0.001" /><testcase classname="tests.test_lp_base_10u_probe_authorization_package_v1" name="test_approval_template_rejects_dangerous_examples" time="0.000" /><testcase classname="tests.test_lp_base_10u_probe_authorization_package_v1" name="test_authorized_tx_sequence_whitelist_contents" time="0.000" /><testcase classname="tests.test_lp_base_10u_probe_authorization_package_v1" name="test_authorized_tx_sequence_forbids_dangerous_actions" time="0.000" /><testcase classname="tests.test_lp_base_10u_probe_authorization_package_v1" name="test_authorized_tx_sequence_addresses_allowance_skip" time="0.000" /><testcase classname="tests.test_lp_base_10u_probe_authorization_package_v1" name="test_mint_receipt_schema_present" time="0.000" /><testcase classname="tests.test_lp_base_10u_probe_authorization_package_v1" name="test_mint_receipt_schema_telemetry_path" time="0.000" /><testcase classname="tests.test_lp_base_10u_probe_authorization_package_v1" name="test_actual_fee_telemetry_schema_present" time="0.000" /><testcase classname="tests.test_lp_base_10u_probe_authorization_package_v1" name="test_actual_fee_telemetry_no_fabrication" time="0.000" /><testcase classname="tests.test_lp_base_10u_probe_authorization_package_v1" name="test_risk_packet_says_ev_not_proven" time="0.000" /><testcase classname="tests.test_lp_base_10u_probe_authorization_package_v1" name="test_risk_packet_has_eight_operator_confirmations" time="0.000" /><testcase classname="tests.test_lp_base_10u_probe_authorization_package_v1" name="test_pre_execution_checklist_has_27_gates" time="0.000" /><testcase classname="tests.test_lp_base_10u_probe_authorization_package_v1" name="test_command_draft_not_run" time="0.000" /><testcase classname="tests.test_lp_base_10u_probe_authorization_package_v1" name="test_can_run_probe_now_remains_false_everywhere" time="0.001" /><testcase classname="tests.test_lp_base_10u_probe_authorization_package_v1" name="test_tiny_canary_allowed_remains_no_everywhere" time="0.001" /><testcase classname="tests.test_lp_base_10u_probe_authorization_package_v1" name="test_wallet_or_tx_touched_remains_false_everywhere" time="0.001" /><testcase classname="tests.test_lp_base_10u_probe_authorization_package_v1" name="test_execution_allowed_now_remains_false_everywhere" time="0.001" /><testcase classname="tests.test_lp_base_10u_probe_execution_implementation_v1" name="test_final_verdict_exists_and_required_fields" time="0.000" /><testcase classname="tests.test_lp_base_10u_probe_execution_implementation_v1" name="test_final_verdict_status_pass" time="0.000" /><testcase classname="tests.test_lp_base_10u_probe_execution_implementation_v1" name="test_final_verdict_safety_locks_intact" time="0.001" /><testcase classname="tests.test_lp_base_10u_probe_execution_implementation_v1" name="test_recommended_next_stage_in_allowed_set" time="0.000" /><testcase classname="tests.test_lp_base_10u_probe_execution_implementation_v1" name="test_wallet_address_is_public_only" time="0.001" /><testcase classname="tests.test_lp_base_10u_probe_execution_implementation_v1" name="test_15_security_flags_all_false" time="0.000" /><testcase classname="tests.test_lp_base_10u_probe_execution_implementation_v1" name="test_executor_v2_built" time="0.000" /><testcase classname="tests.test_lp_base_10u_probe_execution_implementation_v1" name="test_dynamic_tick_range_recompute_built" time="0.000" /><testcase classname="tests.test_lp_base_10u_probe_execution_implementation_v1" name="test_approve_exact_builder_built" time="0.000" /><testcase classname="tests.test_lp_base_10u_probe_execution_implementation_v1" name="test_mint_tx_builder_built" time="0.000" /><testcase classname="tests.test_lp_base_10u_probe_execution_implementation_v1" name="test_exit_collect_revoke_builder_built" time="0.001" /><testcase classname="tests.test_lp_base_10u_probe_execution_implementation_v1" name="test_telemetry_runtime_writer_built" time="0.000" /><testcase classname="tests.test_lp_base_10u_probe_execution_implementation_v1" name="test_approval_gate_built" time="0.000" /><testcase classname="tests.test_lp_base_10u_probe_execution_implementation_v1" name="test_subprocess_default_no_send" time="0.282" /><testcase classname="tests.test_lp_base_10u_probe_execution_implementation_v1" name="test_subprocess_execute_guarded_blocks_send" time="0.081" /><testcase classname="tests.test_lp_base_10u_probe_execution_implementation_v1" name="test_subprocess_execute_mode_rejected" time="0.080" /><testcase classname="tests.test_lp_base_10u_probe_execution_implementation_v1" name="test_subprocess_forbidden_env_refuses" time="0.076" /><testcase classname="tests.test_lp_base_10u_probe_execution_implementation_v1" name="test_subprocess_20u_phrase_rejected" time="0.076" /><testcase classname="tests.test_lp_base_10u_probe_execution_implementation_v1" name="test_subprocess_validate_approval_valid_does_not_execute" time="0.089" /><testcase classname="tests.test_lp_base_10u_probe_execution_implementation_v1" name="test_unit_approve_exact_builder" time="0.001" /><testcase classname="tests.test_lp_base_10u_probe_execution_implementation_v1" name="test_unit_approve_rejects_approvemax" time="0.001" /><testcase classname="tests.test_lp_base_10u_probe_execution_implementation_v1" name="test_unit_revoke_usdc" time="0.001" /><testcase classname="tests.test_lp_base_10u_probe_execution_implementation_v1" name="test_unit_revoke_weth" time="0.001" /><testcase classname="tests.test_lp_base_10u_probe_execution_implementation_v1" name="test_unit_mint_deadline_runtime" time="0.001" /><testcase classname="tests.test_lp_base_10u_probe_execution_implementation_v1" name="test_unit_monitor_rejects_long_loop" time="0.001" /><testcase classname="tests.test_lp_base_10u_probe_execution_implementation_v1" name="test_unit_dynamic_range_recompute_uses_dynamic_not_legacy" time="0.001" /><testcase classname="tests.test_lp_base_10u_probe_execution_implementation_v1" name="test_unit_parse_approval_valid_canonical" time="0.002" /><testcase classname="tests.test_lp_base_10u_probe_execution_implementation_v1" name="test_unit_parse_approval_rejects_20u" time="0.001" /><testcase classname="tests.test_lp_base_10u_probe_execution_implementation_v1" name="test_unit_execution_approval_gate_all_three_pass" time="0.001" /><testcase classname="tests.test_lp_base_10u_probe_execution_implementation_v1" name="test_unit_execution_approval_gate_blocked_without_second_flag" time="0.001" /><testcase classname="tests.test_lp_base_10u_probe_executor_review_v1" name="test_final_verdict_exists_and_required_fields" time="0.001" /><testcase classname="tests.test_lp_base_10u_probe_executor_review_v1" name="test_final_verdict_status_pass" time="0.001" /><testcase classname="tests.test_lp_base_10u_probe_executor_review_v1" name="test_final_verdict_safety_locks_intact" time="0.000" /><testcase classname="tests.test_lp_base_10u_probe_executor_review_v1" name="test_execution_implementation_allowed_next_true" time="0.000" /><testcase classname="tests.test_lp_base_10u_probe_executor_review_v1" name="test_recommended_next_stage_in_allowed_set" time="0.000" /><testcase classname="tests.test_lp_base_10u_probe_executor_review_v1" name="test_recommended_next_stage_is_implementation_not_execute" time="0.000" /><testcase classname="tests.test_lp_base_10u_probe_executor_review_v1" name="test_wallet_address_is_public_only" time="0.000" /><testcase classname="tests.test_lp_base_10u_probe_executor_review_v1" name="test_static_security_pass" time="0.000" /><testcase classname="tests.test_lp_base_10u_probe_executor_review_v1" name="test_mode_behavior_pass" time="0.000" /><testcase classname="tests.test_lp_base_10u_probe_executor_review_v1" name="test_preflight_output_reviewed" time="0.000" /><testcase classname="tests.test_lp_base_10u_probe_executor_review_v1" name="test_unsigned_package_reviewed" time="0.000" /><testcase classname="tests.test_lp_base_10u_probe_executor_review_v1" name="test_approval_parser_reviewed" time="0.000" /><testcase classname="tests.test_lp_base_10u_probe_executor_review_v1" name="test_execution_stubs_reviewed" time="0.000" /><testcase classname="tests.test_lp_base_10u_probe_executor_review_v1" name="test_telemetry_schema_reviewed" time="0.001" /><testcase classname="tests.test_lp_base_10u_probe_executor_review_v1" name="test_review_did_not_modify_executor_script" time="0.000" /><testcase classname="tests.test_lp_base_10u_probe_executor_review_v1" name="test_candidate_freeze_consistent_with_build_verdict" time="0.001" /><testcase classname="tests.test_lp_base_10u_probe_executor_review_v1" name="test_input_audit_proceed" time="0.000" /><testcase classname="tests.test_lp_base_10u_probe_executor_review_v1" name="test_review_does_not_authorize_execution" time="0.000" /><testcase classname="tests.test_lp_base_10u_probe_executor_review_v1" name="test_subprocess_execute_rejected" time="0.072" /><testcase classname="tests.test_lp_base_10u_probe_executor_review_v1" name="test_subprocess_execute_disabled_nonzero" time="0.075" /><testcase classname="tests.test_lp_base_10u_probe_executor_review_v1_rerun" name="test_final_verdict_exists_and_required_fields" time="0.001" /><testcase classname="tests.test_lp_base_10u_probe_executor_review_v1_rerun" name="test_final_verdict_status_pass" time="0.000" /><testcase classname="tests.test_lp_base_10u_probe_executor_review_v1_rerun" name="test_final_verdict_safety_locks_intact" time="0.001" /><testcase classname="tests.test_lp_base_10u_probe_executor_review_v1_rerun" name="test_execution_implementation_allowed_next_true" time="0.000" /><testcase classname="tests.test_lp_base_10u_probe_executor_review_v1_rerun" name="test_recommended_next_stage_in_allowed_set" time="0.000" /><testcase classname="tests.test_lp_base_10u_probe_executor_review_v1_rerun" name="test_wallet_address_is_public_only" time="0.001" /><testcase classname="tests.test_lp_base_10u_probe_executor_review_v1_rerun" name="test_static_security_pass" time="0.000" /><testcase classname="tests.test_lp_base_10u_probe_executor_review_v1_rerun" name="test_mode_behavior_pass" time="0.000" /><testcase classname="tests.test_lp_base_10u_probe_executor_review_v1_rerun" name="test_preflight_output_reviewed_with_warn" time="0.001" /><testcase classname="tests.test_lp_base_10u_probe_executor_review_v1_rerun" name="test_unsigned_package_reviewed" time="0.000" /><testcase classname="tests.test_lp_base_10u_probe_executor_review_v1_rerun" name="test_approval_parser_reviewed" time="0.000" /><testcase classname="tests.test_lp_base_10u_probe_executor_review_v1_rerun" name="test_execution_stubs_reviewed" time="0.000" /><testcase classname="tests.test_lp_base_10u_probe_executor_review_v1_rerun" name="test_telemetry_schema_reviewed" time="0.000" /><testcase classname="tests.test_lp_base_10u_probe_executor_review_v1_rerun" name="test_re_run_note_present" time="0.000" /><testcase classname="tests.test_lp_base_10u_probe_executor_review_v1_rerun" name="test_previous_review_commit_linked" time="0.000" /><testcase classname="tests.test_lp_base_10u_probe_executor_review_v1_rerun" name="test_delta_documented" time="0.001" /><testcase classname="tests.test_lp_base_10u_probe_executor_review_v1_rerun" name="test_tick_drift_correctly_above_threshold" time="0.000" /><testcase classname="tests.test_lp_base_10u_probe_executor_review_v1_rerun" name="test_review_did_not_modify_executor_script" time="0.001" /><testcase classname="tests.test_lp_base_10u_probe_executor_review_v1_rerun" name="test_candidate_freeze_consistent_with_build_verdict" time="0.001" /><testcase classname="tests.test_lp_base_10u_probe_executor_review_v1_rerun" name="test_input_audit_proceed" time="0.000" /><testcase classname="tests.test_lp_base_10u_probe_executor_review_v1_rerun" name="test_subprocess_execute_rejected" time="0.079" /><testcase classname="tests.test_lp_base_10u_probe_executor_review_v1_rerun" name="test_subprocess_execute_disabled_nonzero" time="0.077" /><testcase classname="tests.test_lp_base_10u_probe_executor_v1_build" name="test_final_verdict_exists_and_required_fields" time="0.001" /><testcase classname="tests.test_lp_base_10u_probe_executor_v1_build" name="test_final_verdict_status_pass" time="0.001" /><testcase classname="tests.test_lp_base_10u_probe_executor_v1_build" name="test_final_verdict_safety_locks_intact" time="0.001" /><testcase classname="tests.test_lp_base_10u_probe_executor_v1_build" name="test_executor_built_but_will_not_run" time="0.001" /><testcase classname="tests.test_lp_base_10u_probe_executor_v1_build" name="test_recommended_next_stage_in_allowed_set" time="0.001" /><testcase classname="tests.test_lp_base_10u_probe_executor_v1_build" name="test_recommended_next_stage_is_review_not_execute" time="0.001" /><testcase classname="tests.test_lp_base_10u_probe_executor_v1_build" name="test_wallet_address_is_public_only" time="0.001" /><testcase classname="tests.test_lp_base_10u_probe_executor_v1_build" name="test_phrase_parser_accepts_canonical_only" time="0.002" /><testcase classname="tests.test_lp_base_10u_probe_executor_v1_build" name="test_phrase_parser_rejects_20u" time="0.001" /><testcase classname="tests.test_lp_base_10u_probe_executor_v1_build" name="test_phrase_parser_rejects_30m" time="0.000" /><testcase classname="tests.test_lp_base_10u_probe_executor_v1_build" name="test_phrase_parser_rejects_wrong_wallet" time="0.001" /><testcase classname="tests.test_lp_base_10u_probe_executor_v1_build" name="test_phrase_parser_rejects_wrong_pool" time="0.000" /><testcase classname="tests.test_lp_base_10u_probe_executor_v1_build" name="test_phrase_parser_rejects_dangerous_words" time="0.000" /><testcase classname="tests.test_lp_base_10u_probe_executor_v1_build" name="test_phrase_parser_rejects_placeholder" time="0.000" /><testcase classname="tests.test_lp_base_10u_probe_executor_v1_build" name="test_phrase_parser_rejects_empty" time="0.000" /><testcase classname="tests.test_lp_base_10u_probe_executor_v1_build" name="test_phrase_parser_rejects_no_prefix" time="0.001" /><testcase classname="tests.test_lp_base_10u_probe_executor_v1_build" name="test_approve_exact_usdc_raises" time="0.000" /><testcase classname="tests.test_lp_base_10u_probe_executor_v1_build" name="test_approve_exact_weth_raises" time="0.000" /><testcase classname="tests.test_lp_base_10u_probe_executor_v1_build" name="test_mint_position_raises" time="0.000" /><testcase classname="tests.test_lp_base_10u_probe_executor_v1_build" name="test_monitor_position_raises" time="0.000" /><testcase classname="tests.test_lp_base_10u_probe_executor_v1_build" name="test_decrease_liquidity_raises" time="0.000" /><testcase classname="tests.test_lp_base_10u_probe_executor_v1_build" name="test_collect_fees_raises" time="0.000" /><testcase classname="tests.test_lp_base_10u_probe_executor_v1_build" name="test_revoke_allowance_raises" time="0.000" /><testcase classname="tests.test_lp_base_10u_probe_executor_v1_build" name="test_script_source_has_no_eth_send_transaction" time="0.000" /><testcase classname="tests.test_lp_base_10u_probe_executor_v1_build" name="test_script_source_has_no_signer_construction" time="0.000" /><testcase classname="tests.test_lp_base_10u_probe_executor_v1_build" name="test_script_source_has_no_approve_execution_path" time="0.000" /><testcase classname="tests.test_lp_base_10u_probe_executor_v1_build" name="test_script_source_has_no_private_key_env_lookup" time="0.001" /><testcase classname="tests.test_lp_base_10u_probe_executor_v1_build" name="test_subprocess_print_unsigned_works" time="0.080" /><testcase classname="tests.test_lp_base_10u_probe_executor_v1_build" name="test_subprocess_validate_approval_valid_works" time="0.073" /><testcase classname="tests.test_lp_base_10u_probe_executor_v1_build" name="test_subprocess_execute_disabled_exits_nonzero" time="0.074" /><testcase classname="tests.test_lp_base_10u_probe_executor_v1_build" name="test_subprocess_execute_rejected" time="0.078" /><testcase classname="tests.test_lp_base_10u_probe_executor_v1_build" name="test_subprocess_execute_flag_rejected" time="0.076" /><testcase classname="tests.test_lp_base_10u_probe_executor_v1_build" name="test_subprocess_forbidden_env_var_refuses" time="0.071" /><testcase classname="tests.test_lp_base_10u_probe_executor_v1_build" name="test_stop_engine_passes_for_healthy_preflight" time="0.000" /><testcase classname="tests.test_lp_base_10u_probe_executor_v1_build" name="test_stop_engine_fails_on_chain_id_mismatch" time="0.000" /><testcase classname="tests.test_lp_base_10u_probe_executor_v1_build" name="test_stop_engine_fails_on_low_gas" time="0.000" /><testcase classname="tests.test_lp_base_10u_probe_executor_v1_build" name="test_stop_engine_fails_on_low_liquidity" time="0.000" /><testcase classname="tests.test_lp_base_10u_probe_executor_v1_build" name="test_input_audit_proceed" time="0.000" /><testcase classname="tests.test_lp_base_10u_probe_executor_v1_build" name="test_candidate_freeze_consistent_with_final_verdict" time="0.000" /><testcase classname="tests.test_lp_base_10u_probe_executor_v1_build" name="test_executor_self_check_11_cases" time="0.001" /><testcase classname="tests.test_lp_base_10u_probe_final_execution_review_v1" name="test_final_verdict_exists" time="0.000" /><testcase classname="tests.test_lp_base_10u_probe_final_execution_review_v1" name="test_final_verdict_required_fields" time="0.000" /><testcase classname="tests.test_lp_base_10u_probe_final_execution_review_v1" name="test_final_verdict_safety_locks_intact" time="0.000" /><testcase classname="tests.test_lp_base_10u_probe_final_execution_review_v1" name="test_final_verdict_all_review_phases_pass" time="0.000" /><testcase classname="tests.test_lp_base_10u_probe_final_execution_review_v1" name="test_recommended_next_stage_in_allowed_set_only" time="0.000" /><testcase classname="tests.test_lp_base_10u_probe_final_execution_review_v1" name="test_recommended_next_stage_is_not_execution" time="0.000" /><testcase classname="tests.test_lp_base_10u_probe_final_execution_review_v1" name="test_no_64hex_private_key_shape_in_verdict" time="0.000" /><testcase classname="tests.test_lp_base_10u_probe_final_execution_review_v1" name="test_review_artifact_exists[INPUT_EVIDENCE_AUDIT_CN.md]" time="0.000" /><testcase classname="tests.test_lp_base_10u_probe_final_execution_review_v1" name="test_review_artifact_exists[input_evidence_audit.json]" time="0.000" /><testcase classname="tests.test_lp_base_10u_probe_final_execution_review_v1" name="test_review_artifact_exists[EXECUTOR_V2_STATIC_SECURITY_REVIEW_CN.md]" time="0.000" /><testcase classname="tests.test_lp_base_10u_probe_final_execution_review_v1" name="test_review_artifact_exists[executor_v2_static_security_review.json]" time="0.000" /><testcase classname="tests.test_lp_base_10u_probe_final_execution_review_v1" name="test_review_artifact_exists[DYNAMIC_TICK_RANGE_FINAL_REVIEW_CN.md]" time="0.000" /><testcase classname="tests.test_lp_base_10u_probe_final_execution_review_v1" name="test_review_artifact_exists[dynamic_tick_range_final_review.json]" time="0.000" /><testcase classname="tests.test_lp_base_10u_probe_final_execution_review_v1" name="test_review_artifact_exists[APPROVAL_GATE_FINAL_REVIEW_CN.md]" time="0.000" /><testcase classname="tests.test_lp_base_10u_probe_final_execution_review_v1" name="test_review_artifact_exists[approval_gate_final_review.json]" time="0.000" /><testcase classname="tests.test_lp_base_10u_probe_final_execution_review_v1" name="test_review_artifact_exists[APPROVE_EXACT_FINAL_REVIEW_CN.md]" time="0.000" /><testcase classname="tests.test_lp_base_10u_probe_final_execution_review_v1" name="test_review_artifact_exists[approve_exact_final_review.json]" time="0.000" /><testcase classname="tests.test_lp_base_10u_probe_final_execution_review_v1" name="test_review_artifact_exists[MINT_EXIT_COLLECT_FINAL_REVIEW_CN.md]" time="0.000" /><testcase classname="tests.test_lp_base_10u_probe_final_execution_review_v1" name="test_review_artifact_exists[mint_exit_collect_final_review.json]" time="0.000" /><testcase classname="tests.test_lp_base_10u_probe_final_execution_review_v1" name="test_review_artifact_exists[RUNTIME_SELF_CHECK_FINAL_REVIEW_CN.md]" time="0.000" /><testcase classname="tests.test_lp_base_10u_probe_final_execution_review_v1" name="test_review_artifact_exists[runtime_self_check_final_review.json]" time="0.000" /><testcase classname="tests.test_lp_base_10u_probe_final_execution_review_v1" name="test_review_artifact_exists[TELEMETRY_AND_ARTIFACT_FINAL_REVIEW_CN.md]" time="0.000" /><testcase classname="tests.test_lp_base_10u_probe_final_execution_review_v1" name="test_review_artifact_exists[telemetry_and_artifact_final_review.json]" time="0.000" /><testcase classname="tests.test_lp_base_10u_probe_final_execution_review_v1" name="test_review_artifact_exists[FINAL_EXECUTION_GATE_REVIEW_CN.md]" time="0.000" /><testcase classname="tests.test_lp_base_10u_probe_final_execution_review_v1" name="test_review_artifact_exists[final_execution_gate_review.json]" time="0.000" /><testcase classname="tests.test_lp_base_10u_probe_final_execution_review_v1" name="test_review_artifact_exists[FINAL_VERDICT.json]" time="0.000" /><testcase classname="tests.test_lp_base_10u_probe_final_execution_review_v1" name="test_review_artifact_exists[ONEPAGE_CN.md]" time="0.000" /><testcase classname="tests.test_lp_base_10u_probe_final_execution_review_v1" name="test_review_artifact_exists[ARTIFACT_INDEX.md]" time="0.000" /><testcase classname="tests.test_lp_base_10u_probe_final_execution_review_v1" name="test_static_review_no_signer_construction_in_executable_code" time="0.001" /><testcase classname="tests.test_lp_base_10u_probe_final_execution_review_v1" name="test_static_review_execute_guarded_raises_class" time="0.000" /><testcase classname="tests.test_lp_base_10u_probe_final_execution_review_v1" name="test_static_review_approve_max_forbidden" time="0.000" /><testcase classname="tests.test_lp_base_10u_probe_final_execution_review_v1" name="test_static_review_default_no_send_and_dry_run" time="0.000" /><testcase classname="tests.test_lp_base_10u_probe_final_execution_review_v1" name="test_static_review_dynamic_tick_range_required" time="0.000" /><testcase classname="tests.test_lp_base_10u_probe_final_execution_review_v1" name="test_dynamic_review_requires_fresh_approval_when_drift_exceeds" time="0.000" /><testcase classname="tests.test_lp_base_10u_probe_final_execution_review_v1" name="test_approval_gate_exact_only" time="0.001" /><testcase classname="tests.test_lp_base_10u_probe_final_execution_review_v1" name="test_approve_max_forbidden_in_final_review" time="0.000" /><testcase classname="tests.test_lp_base_10u_probe_final_execution_review_v1" name="test_telemetry_no_production_db" time="0.000" /><testcase classname="tests.test_lp_base_10u_probe_final_execution_review_v1" name="test_subprocess_execute_guarded_still_blocks_send" time="0.074" /><testcase classname="tests.test_lp_base_10u_probe_final_execution_review_v1" name="test_subprocess_execute_guarded_blocks_without_i_understand_too" time="0.076" /><testcase classname="tests.test_lp_base_10u_probe_final_execution_review_v1" name="test_runtime_self_check_pass_in_review" time="0.001" /><testcase classname="tests.test_lp_base_10u_probe_final_execution_review_v1" name="test_final_execution_gate_review_pass" time="0.000" /><testcase classname="tests.test_lp_base_10u_probe_final_execution_review_v1" name="test_can_run_probe_now_remains_false_everywhere" time="0.001" /><testcase classname="tests.test_lp_base_10u_probe_final_execution_review_v1" name="test_tiny_canary_allowed_remains_no_everywhere" time="0.001" /><testcase classname="tests.test_lp_base_10u_probe_final_execution_review_v1" name="test_wallet_or_tx_touched_remains_false_everywhere" time="0.001" /><testcase classname="tests.test_lp_base_10u_probe_monitor_finalize_go_nogo_v1" name="test_final_verdict_exists" time="0.000" /><testcase classname="tests.test_lp_base_10u_probe_monitor_finalize_go_nogo_v1" name="test_final_verdict_safety_locks_intact" time="0.000" /><testcase classname="tests.test_lp_base_10u_probe_monitor_finalize_go_nogo_v1" name="test_final_verdict_no_tx" time="0.000" /><testcase classname="tests.test_lp_base_10u_probe_monitor_finalize_go_nogo_v1" name="test_final_verdict_monitor_state" time="0.000" /><testcase classname="tests.test_lp_base_10u_probe_monitor_finalize_go_nogo_v1" name="test_final_verdict_latest_data" time="0.000" /><testcase classname="tests.test_lp_base_10u_probe_monitor_finalize_go_nogo_v1" name="test_final_verdict_go_nogo_no_go" time="0.000" /><testcase classname="tests.test_lp_base_10u_probe_monitor_finalize_go_nogo_v1" name="test_final_verdict_blocking_conditions_non_empty" time="0.000" /><testcase classname="tests.test_lp_base_10u_probe_monitor_finalize_go_nogo_v1" name="test_final_verdict_recommended_next_stage_in_allowed_only" time="0.000" /><testcase classname="tests.test_lp_base_10u_probe_monitor_finalize_go_nogo_v1" name="test_final_verdict_recommended_next_stage_not_in_forbidden" time="0.000" /><testcase classname="tests.test_lp_base_10u_probe_monitor_finalize_go_nogo_v1" name="test_final_verdict_no_64hex_private_key_shape" time="0.000" /><testcase classname="tests.test_lp_base_10u_probe_monitor_finalize_go_nogo_v1" name="test_artifact_present[STAGE_A_WORKSPACE_SAFETY.md]" time="0.001" /><testcase classname="tests.test_lp_base_10u_probe_monitor_finalize_go_nogo_v1" name="test_artifact_present[INPUT_EVIDENCE_AUDIT_CN.md]" time="0.000" /><testcase classname="tests.test_lp_base_10u_probe_monitor_finalize_go_nogo_v1" name="test_artifact_present[input_evidence_audit.json]" time="0.000" /><testcase classname="tests.test_lp_base_10u_probe_monitor_finalize_go_nogo_v1" name="test_artifact_present[MONITOR_PROCESS_STATUS_CN.md]" time="0.000" /><testcase classname="tests.test_lp_base_10u_probe_monitor_finalize_go_nogo_v1" name="test_artifact_present[monitor_process_status.json]" time="0.001" /><testcase classname="tests.test_lp_base_10u_probe_monitor_finalize_go_nogo_v1" name="test_artifact_present[MONITOR_ARTIFACT_AUDIT_CN.md]" time="0.001" /><testcase classname="tests.test_lp_base_10u_probe_monitor_finalize_go_nogo_v1" name="test_artifact_present[monitor_artifact_audit.json]" time="0.001" /><testcase classname="tests.test_lp_base_10u_probe_monitor_finalize_go_nogo_v1" name="test_artifact_present[MONITOR_FINALIZE_RESULT_CN.md]" time="0.000" /><testcase classname="tests.test_lp_base_10u_probe_monitor_finalize_go_nogo_v1" name="test_artifact_present[monitor_finalize_result.json]" time="0.000" /><testcase classname="tests.test_lp_base_10u_probe_monitor_finalize_go_nogo_v1" name="test_artifact_present[BASE_10U_PROBE_GO_NOGO_REVIEW_CN.md]" time="0.000" /><testcase classname="tests.test_lp_base_10u_probe_monitor_finalize_go_nogo_v1" name="test_artifact_present[base_10u_probe_go_nogo_review.json]" time="0.000" /><testcase classname="tests.test_lp_base_10u_probe_monitor_finalize_go_nogo_v1" name="test_artifact_present[NEXT_STAGE_DECISION_CN.md]" time="0.000" /><testcase classname="tests.test_lp_base_10u_probe_monitor_finalize_go_nogo_v1" name="test_artifact_present[next_stage_decision.json]" time="0.000" /><testcase classname="tests.test_lp_base_10u_probe_monitor_finalize_go_nogo_v1" name="test_artifact_present[FINAL_VERDICT.json]" time="0.000" /><testcase classname="tests.test_lp_base_10u_probe_monitor_finalize_go_nogo_v1" name="test_artifact_present[ONEPAGE_CN.md]" time="0.000" /><testcase classname="tests.test_lp_base_10u_probe_monitor_finalize_go_nogo_v1" name="test_artifact_present[ARTIFACT_INDEX.md]" time="0.000" /><testcase classname="tests.test_lp_base_10u_probe_monitor_finalize_go_nogo_v1" name="test_go_nogo_review_no_go_with_drift_and_unsafe_market" time="0.000" /><testcase classname="tests.test_lp_base_10u_probe_monitor_finalize_go_nogo_v1" name="test_go_nogo_review_go_conditions_have_3_fails" time="0.000" /><testcase classname="tests.test_lp_base_10u_probe_monitor_finalize_go_nogo_v1" name="test_go_nogo_review_gas_sane" time="0.001" /><testcase classname="tests.test_lp_base_10u_probe_monitor_finalize_go_nogo_v1" name="test_go_nogo_review_balance_sufficient" time="0.000" /><testcase classname="tests.test_lp_base_10u_probe_monitor_finalize_go_nogo_v1" name="test_go_nogo_review_allowance_plan_clear" time="0.001" /><testcase classname="tests.test_lp_base_10u_probe_monitor_finalize_go_nogo_v1" name="test_go_nogo_review_no_signer_wallet_tx_touched" time="0.000" /><testcase classname="tests.test_lp_base_10u_probe_monitor_finalize_go_nogo_v1" name="test_go_nogo_review_hard_disable_still_active" time="0.001" /><testcase classname="tests.test_lp_base_10u_probe_monitor_finalize_go_nogo_v1" name="test_go_nogo_review_drift_trajectory_worsening" time="0.001" /><testcase classname="tests.test_lp_base_10u_probe_monitor_finalize_go_nogo_v1" name="test_next_stage_decision_in_allowed" time="0.001" /><testcase classname="tests.test_lp_base_10u_probe_monitor_finalize_go_nogo_v1" name="test_next_stage_decision_not_FINAL_OPERATOR_AUTHORIZATION_REVIEW" time="0.001" /><testcase classname="tests.test_lp_base_10u_probe_monitor_finalize_go_nogo_v1" name="test_next_stage_decision_safety_constraints" time="0.000" /><testcase classname="tests.test_lp_base_10u_probe_monitor_finalize_go_nogo_v1" name="test_monitor_process_status_self_exited" time="0.000" /><testcase classname="tests.test_lp_base_10u_probe_monitor_finalize_go_nogo_v1" name="test_can_run_probe_now_false_everywhere" time="0.001" /><testcase classname="tests.test_lp_base_10u_probe_monitor_finalize_go_nogo_v1" name="test_tiny_canary_allowed_no_everywhere" time="0.001" /><testcase classname="tests.test_lp_base_10u_probe_monitor_finalize_go_nogo_v1" name="test_wallet_or_tx_touched_false_everywhere" time="0.001" /><testcase classname="tests.test_lp_base_10u_probe_monitor_finalize_go_nogo_v1" name="test_execution_allowed_now_false_everywhere" time="0.001" /><testcase classname="tests.test_lp_base_10u_probe_monitor_finalize_go_nogo_v1" name="test_hard_disable_still_active_everywhere" time="0.001" /><testcase classname="tests.test_lp_base_10u_probe_monitor_finalize_go_nogo_v1" name="test_no_64hex_private_key_shape_in_any_artifact" time="0.001" /><testcase classname="tests.test_lp_base_10u_probe_monitor_finalize_go_nogo_v1" name="test_no_signer_construction_strings" time="0.001" /><testcase classname="tests.test_lp_base_10u_probe_monitor_finalize_go_nogo_v1" name="test_monitor_v1_rejects_wrong_wallet" time="0.072" /><testcase classname="tests.test_lp_base_10u_probe_monitor_finalize_go_nogo_v1" name="test_monitor_v1_no_signer_call" time="0.001" /><testcase classname="tests.test_lp_base_10u_probe_monitor_finalize_go_nogo_v1" name="test_v2_line_count_unchanged" time="0.000" /><testcase classname="tests.test_lp_base_10u_probe_monitor_finalize_go_nogo_v1" name="test_source_monitor_checkpoints_47_files" time="0.001" /><testcase classname="tests.test_lp_base_10u_probe_monitor_finalize_go_nogo_v1" name="test_source_monitor_finalize_summary_present" time="0.000" /><testcase classname="tests.test_lp_base_10u_probe_monitor_finalize_go_nogo_v1" name="test_source_monitor_state_json_stopped_reason" time="0.000" /><testcase classname="tests.test_lp_base_10u_probe_operator_execution_request_v1" name="test_final_verdict_exists" time="0.000" /><testcase classname="tests.test_lp_base_10u_probe_operator_execution_request_v1" name="test_final_verdict_readiness_true" time="0.000" /><testcase classname="tests.test_lp_base_10u_probe_operator_execution_request_v1" name="test_final_verdict_safety_locks_intact" time="0.000" /><testcase classname="tests.test_lp_base_10u_probe_operator_execution_request_v1" name="test_recommended_next_stage_defaults_wait_for_operator_decision" time="0.000" /><testcase classname="tests.test_lp_base_10u_probe_operator_execution_request_v1" name="test_recommended_next_stage_in_allowed_only" time="0.001" /><testcase classname="tests.test_lp_base_10u_probe_operator_execution_request_v1" name="test_recommended_next_stage_is_not_execution" time="0.000" /><testcase classname="tests.test_lp_base_10u_probe_operator_execution_request_v1" name="test_no_64hex_private_key_shape_in_verdict" time="0.000" /><testcase classname="tests.test_lp_base_10u_probe_operator_execution_request_v1" name="test_artifact_present[INPUT_EVIDENCE_AUDIT_CN.md]" time="0.000" /><testcase classname="tests.test_lp_base_10u_probe_operator_execution_request_v1" name="test_artifact_present[input_evidence_audit.json]" time="0.000" /><testcase classname="tests.test_lp_base_10u_probe_operator_execution_request_v1" name="test_artifact_present[OPERATOR_EXECUTION_REQUEST_SUMMARY_CN.md]" time="0.000" /><testcase classname="tests.test_lp_base_10u_probe_operator_execution_request_v1" name="test_artifact_present[operator_execution_request_summary.json]" time="0.000" /><testcase classname="tests.test_lp_base_10u_probe_operator_execution_request_v1" name="test_artifact_present[OPERATOR_DECISION_MENU_CN.md]" time="0.000" /><testcase classname="tests.test_lp_base_10u_probe_operator_execution_request_v1" name="test_artifact_present[operator_decision_menu.json]" time="0.000" /><testcase classname="tests.test_lp_base_10u_probe_operator_execution_request_v1" name="test_artifact_present[FINAL_OPERATOR_APPROVAL_PHRASE_CN.md]" time="0.000" /><testcase classname="tests.test_lp_base_10u_probe_operator_execution_request_v1" name="test_artifact_present[final_operator_approval_phrase.json]" time="0.000" /><testcase classname="tests.test_lp_base_10u_probe_operator_execution_request_v1" name="test_artifact_present[FINAL_RISK_WARNING_FOR_OPERATOR_CN.md]" time="0.000" /><testcase classname="tests.test_lp_base_10u_probe_operator_execution_request_v1" name="test_artifact_present[final_risk_warning_for_operator.json]" time="0.000" /><testcase classname="tests.test_lp_base_10u_probe_operator_execution_request_v1" name="test_artifact_present[NEXT_STAGE_ARMED_RUNNER_BUILD_SPEC_CN.md]" time="0.000" /><testcase classname="tests.test_lp_base_10u_probe_operator_execution_request_v1" name="test_artifact_present[next_stage_armed_runner_build_spec.json]" time="0.000" /><testcase classname="tests.test_lp_base_10u_probe_operator_execution_request_v1" name="test_artifact_present[FINAL_VERDICT.json]" time="0.000" /><testcase classname="tests.test_lp_base_10u_probe_operator_execution_request_v1" name="test_artifact_present[ONEPAGE_CN.md]" time="0.000" /><testcase classname="tests.test_lp_base_10u_probe_operator_execution_request_v1" name="test_artifact_present[ARTIFACT_INDEX.md]" time="0.000" /><testcase classname="tests.test_lp_base_10u_probe_operator_execution_request_v1" name="test_decision_menu_has_three_options" time="0.000" /><testcase classname="tests.test_lp_base_10u_probe_operator_execution_request_v1" name="test_decision_menu_no_direct_execute_option" time="0.000" /><testcase classname="tests.test_lp_base_10u_probe_operator_execution_request_v1" name="test_decision_menu_routes_to_legal_next_stages" time="0.000" /><testcase classname="tests.test_lp_base_10u_probe_operator_execution_request_v1" name="test_decision_menu_matrix_says_send_now_not_allowed" time="0.000" /><testcase classname="tests.test_lp_base_10u_probe_operator_execution_request_v1" name="test_armed_build_phrase_exact" time="0.000" /><testcase classname="tests.test_lp_base_10u_probe_operator_execution_request_v1" name="test_one_shot_phrase_exact" time="0.000" /><testcase classname="tests.test_lp_base_10u_probe_operator_execution_request_v1" name="test_armed_build_phrase_distinct_from_one_shot" time="0.000" /><testcase classname="tests.test_lp_base_10u_probe_operator_execution_request_v1" name="test_this_stage_accepts_no_phrase" time="0.000" /><testcase classname="tests.test_lp_base_10u_probe_operator_execution_request_v1" name="test_verdict_says_neither_phrase_effective_this_round" time="0.000" /><testcase classname="tests.test_lp_base_10u_probe_operator_execution_request_v1" name="test_risk_warning_says_ev_not_proven" time="0.000" /><testcase classname="tests.test_lp_base_10u_probe_operator_execution_request_v1" name="test_risk_warning_acknowledges_real_money" time="0.000" /><testcase classname="tests.test_lp_base_10u_probe_operator_execution_request_v1" name="test_risk_warning_default_when_no_choice_is_stop" time="0.000" /><testcase classname="tests.test_lp_base_10u_probe_operator_execution_request_v1" name="test_armed_runner_build_spec_is_doc_only" time="0.000" /><testcase classname="tests.test_lp_base_10u_probe_operator_execution_request_v1" name="test_armed_runner_build_spec_requires_separate_unseal_commit" time="0.000" /><testcase classname="tests.test_lp_base_10u_probe_operator_execution_request_v1" name="test_armed_runner_build_spec_default_no_send" time="0.000" /><testcase classname="tests.test_lp_base_10u_probe_operator_execution_request_v1" name="test_can_run_probe_now_false_everywhere" time="0.001" /><testcase classname="tests.test_lp_base_10u_probe_operator_execution_request_v1" name="test_tiny_canary_allowed_no_everywhere" time="0.001" /><testcase classname="tests.test_lp_base_10u_probe_operator_execution_request_v1" name="test_wallet_or_tx_touched_false_everywhere" time="0.001" /><testcase classname="tests.test_lp_base_10u_probe_operator_execution_request_v1" name="test_execution_allowed_now_false_everywhere" time="0.001" /><testcase classname="tests.test_lp_base_10u_probe_operator_execution_request_v1" name="test_hard_disable_still_active_everywhere" time="0.001" /><testcase classname="tests.test_lp_base_10u_probe_operator_execution_request_v1" name="test_no_64hex_private_key_shape_in_any_artifact" time="0.001" /><testcase classname="tests.test_lp_base_10u_probe_operator_execution_request_v1" name="test_no_signer_construction_strings" time="0.001" /><testcase classname="tests.test_lp_base_m1_c5_dry_run_v1_readonly" name="test_multicall_encoder_matches_known_selector_and_dynamic_array_shape" time="0.000" /><testcase classname="tests.test_lp_base_m1_c5_dry_run_v1_readonly" name="test_c5_source_has_no_signing_or_broadcast_rpc_method" time="0.000" /><testcase classname="tests.test_lp_base_probe_dry_run_builder_v1_readonly" name="test_final_verdict_exists_and_required_fields" time="0.000" /><testcase classname="tests.test_lp_base_probe_dry_run_builder_v1_readonly" name="test_final_verdict_safety_locks_intact" time="0.000" /><testcase classname="tests.test_lp_base_probe_dry_run_builder_v1_readonly" name="test_recommended_next_stage_in_allowed_set" time="0.000" /><testcase classname="tests.test_lp_base_probe_dry_run_builder_v1_readonly" name="test_recommended_next_stage_is_not_an_execution" time="0.000" /><testcase classname="tests.test_lp_base_probe_dry_run_builder_v1_readonly" name="test_wallet_address_is_public_address_only" time="0.001" /><testcase classname="tests.test_lp_base_probe_dry_run_builder_v1_readonly" name="test_chain_basemost" time="0.000" /><testcase classname="tests.test_lp_base_probe_dry_run_builder_v1_readonly" name="test_frozen_candidate" time="0.000" /><testcase classname="tests.test_lp_base_probe_dry_run_builder_v1_readonly" name="test_tick_range_recommendation_is_medium" time="0.000" /><testcase classname="tests.test_lp_base_probe_dry_run_builder_v1_readonly" name="test_unsigned_package_amounts_match_phase_h" time="0.000" /><testcase classname="tests.test_lp_base_probe_dry_run_builder_v1_readonly" name="test_unsigned_package_recipient_is_bound_wallet" time="0.000" /><testcase classname="tests.test_lp_base_probe_dry_run_builder_v1_readonly" name="test_unsigned_package_deadline_non_zero" time="0.000" /><testcase classname="tests.test_lp_base_probe_dry_run_builder_v1_readonly" name="test_unsigned_package_uses_approve_exact_not_approve_max" time="0.000" /><testcase classname="tests.test_lp_base_probe_dry_run_builder_v1_readonly" name="test_unsigned_package_post_exit_revoke_planned" time="0.000" /><testcase classname="tests.test_lp_base_probe_dry_run_builder_v1_readonly" name="test_gas_feasibility_uses_approve_live_and_mint_inherited" time="0.000" /><testcase classname="tests.test_lp_base_probe_dry_run_builder_v1_readonly" name="test_approval_phrase_regex_matches_only_valid_phrases" time="0.001" /><testcase classname="tests.test_lp_base_probe_dry_run_builder_v1_readonly" name="test_no_fabricated_block_or_balance" time="0.001" /><testcase classname="tests.test_lp_base_probe_dry_run_builder_v1_readonly" name="test_status_pass_and_chain_basemost" time="0.000" /><testcase classname="tests.test_lp_base_probe_dry_run_builder_v1_readonly" name="test_wallet_address_matches_router_verdict" time="0.001" /><testcase classname="tests.test_lp_base_probe_dry_run_builder_v1_readonly" name="test_frozen_pool_matches_router_primary_candidate" time="0.001" /><testcase classname="tests.test_lp_base_probe_dry_run_builder_v1_readonly" name="test_no_lpbot_untagged_binary_invocation" time="0.001" /><testcase classname="tests.test_lp_base_probe_dry_run_builder_v1_readonly" name="test_input_audit_says_proceed" time="0.000" /><testcase classname="tests.test_lp_base_probe_execution_spec_review_v1_readonly" name="test_final_verdict_exists_and_required_fields" time="0.001" /><testcase classname="tests.test_lp_base_probe_execution_spec_review_v1_readonly" name="test_final_verdict_status_pass" time="0.000" /><testcase classname="tests.test_lp_base_probe_execution_spec_review_v1_readonly" name="test_final_verdict_safety_locks_intact" time="0.000" /><testcase classname="tests.test_lp_base_probe_execution_spec_review_v1_readonly" name="test_executor_not_built_and_will_not_run" time="0.000" /><testcase classname="tests.test_lp_base_probe_execution_spec_review_v1_readonly" name="test_recommended_next_stage_in_allowed_set" time="0.000" /><testcase classname="tests.test_lp_base_probe_execution_spec_review_v1_readonly" name="test_recommended_next_stage_is_build_not_execute" time="0.001" /><testcase classname="tests.test_lp_base_probe_execution_spec_review_v1_readonly" name="test_wallet_address_is_public_only" time="0.000" /><testcase classname="tests.test_lp_base_probe_execution_spec_review_v1_readonly" name="test_candidate_freeze_consistent_with_final_verdict" time="0.001" /><testcase classname="tests.test_lp_base_probe_execution_spec_review_v1_readonly" name="test_runbook_has_5_steps" time="0.000" /><testcase classname="tests.test_lp_base_probe_execution_spec_review_v1_readonly" name="test_runbook_no_swap_back" time="0.000" /><testcase classname="tests.test_lp_base_probe_execution_spec_review_v1_readonly" name="test_runbook_uses_approve_exact_not_approve_max" time="0.001" /><testcase classname="tests.test_lp_base_probe_execution_spec_review_v1_readonly" name="test_stop_conditions_have_handling_for_each" time="0.000" /><testcase classname="tests.test_lp_base_probe_execution_spec_review_v1_readonly" name="test_no_auto_retry_policy" time="0.000" /><testcase classname="tests.test_lp_base_probe_execution_spec_review_v1_readonly" name="test_telemetry_spec_has_6_schemas" time="0.000" /><testcase classname="tests.test_lp_base_probe_execution_spec_review_v1_readonly" name="test_telemetry_no_production_writes" time="0.001" /><testcase classname="tests.test_lp_base_probe_execution_spec_review_v1_readonly" name="test_script_boundary_has_allowed_and_forbidden" time="0.000" /><testcase classname="tests.test_lp_base_probe_execution_spec_review_v1_readonly" name="test_script_boundary_approval_phrase_non_effective" time="0.000" /><testcase classname="tests.test_lp_base_probe_execution_spec_review_v1_readonly" name="test_script_boundary_regex_works" time="0.000" /><testcase classname="tests.test_lp_base_probe_execution_spec_review_v1_readonly" name="test_approval_template_phrase_matches_boundary" time="0.001" /><testcase classname="tests.test_lp_base_probe_execution_spec_review_v1_readonly" name="test_approval_template_20u_rejected" time="0.000" /><testcase classname="tests.test_lp_base_probe_execution_spec_review_v1_readonly" name="test_risk_acceptance_ev_not_positive" time="0.000" /><testcase classname="tests.test_lp_base_probe_execution_spec_review_v1_readonly" name="test_risk_acceptance_states_loss_potential" time="0.000" /><testcase classname="tests.test_lp_base_probe_execution_spec_review_v1_readonly" name="test_input_audit_proceed" time="0.000" /><testcase classname="tests.test_lp_base_probe_execution_spec_review_v1_readonly" name="test_input_audit_gates_aligned" time="0.000" /><testcase classname="tests.test_lp_base_probe_execution_spec_review_v1_readonly" name="test_no_new_executable_scripts_in_this_stage" time="0.002" /><testcase classname="tests.test_lp_base_probe_execution_spec_review_v1_readonly" name="test_previous_stage_links_to_dry_run_verdict" time="0.001" /><testcase classname="tests.test_lp_base_probe_execution_spec_review_v1_readonly" name="test_all_spec_flags_in_final_verdict" time="0.000" /><testcase classname="tests.test_lp_base_probe_execution_spec_review_v1_readonly" name="test_execution_script_allowed_next_only_when_all_specs_ready" time="0.000" /><testcase classname="tests.test_lp_base_sepolia_smoke_v1_readonly" name="test_base_sepolia_chain_id_is_exact_and_mainnet_is_rejected" time="0.000" /><testcase classname="tests.test_lp_base_sepolia_smoke_v1_readonly" name="test_smoke_config_rejects_every_unsafe_flag[change0]" time="0.000" /><testcase classname="tests.test_lp_base_sepolia_smoke_v1_readonly" name="test_smoke_config_rejects_every_unsafe_flag[change1]" time="0.000" /><testcase classname="tests.test_lp_base_sepolia_smoke_v1_readonly" name="test_smoke_config_rejects_every_unsafe_flag[change2]" time="0.000" /><testcase classname="tests.test_lp_base_sepolia_smoke_v1_readonly" name="test_smoke_config_rejects_every_unsafe_flag[change3]" time="0.000" /><testcase classname="tests.test_lp_base_sepolia_smoke_v1_readonly" name="test_smoke_config_rejects_every_unsafe_flag[change4]" time="0.000" /><testcase classname="tests.test_lp_base_sepolia_smoke_v1_readonly" name="test_dry_run_uses_only_read_methods_and_never_signs_or_sends" time="0.001" /><testcase classname="tests.test_lp_base_sepolia_smoke_v1_readonly" name="test_dry_run_refuses_mainnet_before_any_contract_simulation" time="0.000" /><testcase classname="tests.test_lp_bsc_fee_velocity_recovery_probe_preflight_v1_readonly" name="test_script_has_no_wallet_or_tx_symbols[script0]" time="0.001" /><testcase classname="tests.test_lp_bsc_fee_velocity_recovery_probe_preflight_v1_readonly" name="test_script_has_no_wallet_or_tx_symbols[script1]" time="0.001" /><testcase classname="tests.test_lp_bsc_fee_velocity_recovery_probe_preflight_v1_readonly" name="test_script_has_no_wallet_or_tx_symbols[script2]" time="0.001" /><testcase classname="tests.test_lp_bsc_fee_velocity_recovery_probe_preflight_v1_readonly" name="test_script_has_no_wallet_or_tx_symbols[script3]" time="0.001" /><testcase classname="tests.test_lp_bsc_fee_velocity_recovery_probe_preflight_v1_readonly" name="test_script_has_no_wallet_or_tx_symbols[script4]" time="0.001" /><testcase classname="tests.test_lp_bsc_fee_velocity_recovery_probe_preflight_v1_readonly" name="test_script_filename_marked_readonly[script0]" time="0.000" /><testcase classname="tests.test_lp_bsc_fee_velocity_recovery_probe_preflight_v1_readonly" name="test_script_filename_marked_readonly[script1]" time="0.000" /><testcase classname="tests.test_lp_bsc_fee_velocity_recovery_probe_preflight_v1_readonly" name="test_script_filename_marked_readonly[script2]" time="0.001" /><testcase classname="tests.test_lp_bsc_fee_velocity_recovery_probe_preflight_v1_readonly" name="test_script_filename_marked_readonly[script3]" time="0.000" /><testcase classname="tests.test_lp_bsc_fee_velocity_recovery_probe_preflight_v1_readonly" name="test_script_filename_marked_readonly[script4]" time="0.000" /><testcase classname="tests.test_lp_bsc_fee_velocity_recovery_probe_preflight_v1_readonly" name="test_smoke_decoder_handles_signed_amount_and_correct_field_count" time="0.001" /><testcase classname="tests.test_lp_bsc_fee_velocity_recovery_probe_preflight_v1_readonly" name="test_smoke_decoder_rejects_wrong_length_data" time="0.001" /><testcase classname="tests.test_lp_bsc_fee_velocity_recovery_probe_preflight_v1_readonly" name="test_matrix_topic_is_pancake_v3_not_uniswap" time="0.002" /><testcase classname="tests.test_lp_bsc_fee_velocity_recovery_probe_preflight_v1_readonly" name="test_matrix_host_hash_redacts_urls" time="0.002" /><testcase classname="tests.test_lp_bsc_fee_velocity_recovery_probe_preflight_v1_readonly" name="test_matrix_redact_error_does_not_leak_url" time="0.002" /><testcase classname="tests.test_lp_bsc_fee_velocity_recovery_probe_preflight_v1_readonly" name="test_backfill_decoder_matches_smoke_decoder" time="0.001" /><testcase classname="tests.test_lp_bsc_fee_velocity_recovery_probe_preflight_v1_readonly" name="test_economics_allowed_scenarios_and_notionals" time="0.001" /><testcase classname="tests.test_lp_bsc_fee_velocity_recovery_probe_preflight_v1_readonly" name="test_economics_runs_against_empty_backfill" time="0.003" /><testcase classname="tests.test_lp_bsc_fee_velocity_recovery_probe_preflight_v1_readonly" name="test_no_script_flips_can_run_probe_now" time="0.002" /><testcase classname="tests.test_lp_bsc_fee_velocity_recovery_probe_preflight_v1_readonly" name="test_preflight_with_no_candidate_emits_no_candidate_kind" time="0.002" /><testcase classname="tests.test_lp_bsc_fee_velocity_recovery_probe_preflight_v1_readonly" name="test_preflight_with_candidate_emits_design_only" time="0.002" /><testcase classname="tests.test_lp_bsc_probe_dry_run_builder_v1_readonly" name="test_final_verdict_exists_and_has_required_fields" time="0.000" /><testcase classname="tests.test_lp_bsc_probe_dry_run_builder_v1_readonly" name="test_final_verdict_safety_locks_intact" time="0.001" /><testcase classname="tests.test_lp_bsc_probe_dry_run_builder_v1_readonly" name="test_recommended_next_stage_in_allowed_set" time="0.000" /><testcase classname="tests.test_lp_bsc_probe_dry_run_builder_v1_readonly" name="test_dry_run_only_when_builder_gates_complete" time="0.000" /><testcase classname="tests.test_lp_bsc_probe_dry_run_builder_v1_readonly" name="test_unsigned_tx_package_uses_placeholders" time="0.001" /><testcase classname="tests.test_lp_bsc_probe_dry_run_builder_v1_readonly" name="test_unsigned_tx_package_does_not_emit_full_bytes" time="0.001" /><testcase classname="tests.test_lp_bsc_probe_dry_run_builder_v1_readonly" name="test_unsigned_tx_package_uses_ApproveExact" time="0.000" /><testcase classname="tests.test_lp_bsc_probe_dry_run_builder_v1_readonly" name="test_unsigned_tx_package_requires_post_exit_revoke" time="0.001" /><testcase classname="tests.test_lp_bsc_probe_dry_run_builder_v1_readonly" name="test_token_amounts_contain_10u_and_20u" time="0.000" /><testcase classname="tests.test_lp_bsc_probe_dry_run_builder_v1_readonly" name="test_token_amounts_total_matches_notional" time="0.000" /><testcase classname="tests.test_lp_bsc_probe_dry_run_builder_v1_readonly" name="test_slippage_does_not_exceed_100_bps" time="0.000" /><testcase classname="tests.test_lp_bsc_probe_dry_run_builder_v1_readonly" name="test_tick_range_has_three_tiers_and_a_recommendation" time="0.001" /><testcase classname="tests.test_lp_bsc_probe_dry_run_builder_v1_readonly" name="test_tick_range_tickLower_less_than_tickUpper" time="0.000" /><testcase classname="tests.test_lp_bsc_probe_dry_run_builder_v1_readonly" name="test_gas_estimate_was_not_called_this_round" time="0.000" /><testcase classname="tests.test_lp_bsc_probe_dry_run_builder_v1_readonly" name="test_gas_feasibility_has_static_conservative_units" time="0.000" /><testcase classname="tests.test_lp_bsc_probe_dry_run_builder_v1_readonly" name="test_approval_phrase_template_and_regex_match" time="0.001" /><testcase classname="tests.test_lp_bsc_probe_dry_run_builder_v1_readonly" name="test_forbidden_alternative_phrases_are_listed_and_excluded_by_regex" time="0.000" /><testcase classname="tests.test_lp_bsc_probe_dry_run_builder_v1_readonly" name="test_approval_does_not_unlock_execution" time="0.000" /><testcase classname="tests.test_lp_bsc_probe_dry_run_builder_v1_readonly" name="test_candidate_freeze_matches_brief" time="0.001" /><testcase classname="tests.test_lp_bsc_probe_dry_run_builder_v1_readonly" name="test_input_audit_confirms_upstream_pass" time="0.000" /><testcase classname="tests.test_lp_bsc_probe_dry_run_builder_v1_readonly" name="test_candidate_pool_consistent_across_dry_run_docs" time="0.001" /><testcase classname="tests.test_lp_bsc_probe_dry_run_builder_v1_readonly" name="test_no_new_executable_scripts_in_this_stage" time="0.001" /><testcase classname="tests.test_lp_bsc_probe_preflight_review_v1_readonly" name="test_final_verdict_exists_and_has_required_fields" time="0.000" /><testcase classname="tests.test_lp_bsc_probe_preflight_review_v1_readonly" name="test_final_verdict_safety_locks_intact" time="0.000" /><testcase classname="tests.test_lp_bsc_probe_preflight_review_v1_readonly" name="test_final_verdict_stage_matches_review" time="0.000" /><testcase classname="tests.test_lp_bsc_probe_preflight_review_v1_readonly" name="test_final_verdict_recommended_next_stage_in_allowed_set" time="0.000" /><testcase classname="tests.test_lp_bsc_probe_preflight_review_v1_readonly" name="test_dry_run_builder_only_when_gates_complete" time="0.000" /><testcase classname="tests.test_lp_bsc_probe_preflight_review_v1_readonly" name="test_approval_packet_default_is_safe" time="0.000" /><testcase classname="tests.test_lp_bsc_probe_preflight_review_v1_readonly" name="test_approval_packet_does_not_authorize_execution" time="0.000" /><testcase classname="tests.test_lp_bsc_probe_preflight_review_v1_readonly" name="test_risk_limits_cap_funds_at_20_usd" time="0.001" /><testcase classname="tests.test_lp_bsc_probe_preflight_review_v1_readonly" name="test_risk_limits_have_all_required_stop_conditions" time="0.000" /><testcase classname="tests.test_lp_bsc_probe_preflight_review_v1_readonly" name="test_risk_limits_forbid_approve_max" time="0.000" /><testcase classname="tests.test_lp_bsc_probe_preflight_review_v1_readonly" name="test_dry_run_builder_forbids_signing_and_sending" time="0.000" /><testcase classname="tests.test_lp_bsc_probe_preflight_review_v1_readonly" name="test_dry_run_builder_does_not_write_chain_state" time="0.000" /><testcase classname="tests.test_lp_bsc_probe_preflight_review_v1_readonly" name="test_telemetry_does_not_create_production_tables" time="0.000" /><testcase classname="tests.test_lp_bsc_probe_preflight_review_v1_readonly" name="test_candidate_review_is_honest_about_negative
[...]
ests.test_real_config_contract_v1_readonly" name="test_pool_meta_key_type[gas_usd_estimate-float]" time="0.000" /><testcase classname="tests.test_real_config_contract_v1_readonly" name="test_pool_meta_key_type[input_price_usd-str]" time="0.000" /><testcase classname="tests.test_real_config_contract_v1_readonly" name="test_pool_meta_key_type[liquidity-int]" time="0.000" /><testcase classname="tests.test_real_config_contract_v1_readonly" name="test_pool_meta_key_type[protocol-str]" time="0.001" /><testcase classname="tests.test_real_config_contract_v1_readonly" name="test_pool_meta_key_type[range_pct-float]" time="0.000" /><testcase classname="tests.test_real_config_contract_v1_readonly" name="test_pool_meta_key_type[sqrt_price_x96-int]" time="0.001" /><testcase classname="tests.test_real_config_contract_v1_readonly" name="test_pool_meta_key_type[tick_data-list]" time="0.001" /><testcase classname="tests.test_real_config_contract_v1_readonly" name="test_pool_meta_key_type[tick_spacing-int]" time="0.001" /><testcase classname="tests.test_real_config_contract_v1_readonly" name="test_pool_meta_key_type[tvl_usd-float]" time="0.000" /><testcase classname="tests.test_real_config_contract_v1_readonly" name="test_exit_depth_for_size_with_real_pool_meta" time="0.001" /><testcase classname="tests.test_real_config_contract_v1_readonly" name="test_run_episode_with_real_pool_meta" time="0.004"><skipped type="pytest.skip" message="live scanner.db not present: /tmp/lpbot-verify-vMngMT/reports/lp_rh/scanner.db">/tmp/lpbot-verify-vMngMT/tests/test_real_config_contract_v1_readonly.py:131: live scanner.db not present: /tmp/lpbot-verify-vMngMT/reports/lp_rh/scanner.db</skipped></testcase><testcase classname="tests.test_real_config_contract_v1_readonly" name="test_pool_meta_numeric_key_convertible[input_price_usd]" time="0.000" /><testcase classname="tests.test_real_config_contract_v1_readonly" name="test_pool_meta_numeric_key_convertible[range_pct]" time="0.000" /><testcase classname="tests.test_real_config_contract_v1_readonly" name="test_pool_meta_numeric_key_convertible[dec0]" time="0.000" /><testcase classname="tests.test_real_config_contract_v1_readonly" name="test_pool_meta_numeric_key_convertible[dec1]" time="0.000" /><testcase classname="tests.test_real_config_contract_v1_readonly" name="test_pool_meta_numeric_key_convertible[gas_usd_estimate]" time="0.000" /><testcase classname="tests.test_real_config_contract_v1_readonly" name="test_pool_meta_numeric_key_convertible[tvl_usd]" time="0.000" /><testcase classname="tests.test_real_config_contract_v1_readonly" name="test_pool_meta_numeric_key_convertible[liquidity]" time="0.001" /><testcase classname="tests.test_real_config_contract_v1_readonly" name="test_pool_meta_numeric_key_convertible[sqrt_price_x96]" time="0.000" /><testcase classname="tests.test_real_config_contract_v1_readonly" name="test_pool_meta_numeric_key_convertible[current_tick]" time="0.000" /><testcase classname="tests.test_real_config_contract_v1_readonly" name="test_pool_meta_numeric_key_convertible[tick_spacing]" time="0.000" /><testcase classname="tests.test_real_config_contract_v1_readonly" name="test_pool_meta_numeric_key_convertible[fee_pips]" time="0.000" /><testcase classname="tests.test_real_config_contract_v1_readonly" name="test_pool_meta_numeric_key_convertible[token0_decimals]" time="0.000" /><testcase classname="tests.test_real_config_contract_v1_readonly" name="test_pool_meta_numeric_key_convertible[token1_decimals]" time="0.000" /><testcase classname="tests.test_real_config_contract_v1_readonly" name="test_pool_meta_numeric_key_convertible[max_impact_bps]" time="0.000" /><testcase classname="tests.test_real_config_contract_v1_readonly" name="test_pool_meta_numeric_key_convertible[fee]" time="0.000" /><testcase classname="tests.test_real_config_contract_v1_readonly" name="test_pool_meta_numeric_key_convertible[liquidity_raw]" time="0.000" /><testcase classname="tests.test_real_config_contract_v1_readonly" name="test_pool_meta_numeric_key_convertible[fee_apr_pct]" time="0.000" /><testcase classname="tests.test_real_config_contract_v1_readonly" name="test_pool_meta_numeric_key_convertible[sigma_daily]" time="0.000" /><testcase classname="tests.test_real_config_contract_v1_readonly" name="test_pool_meta_numeric_key_convertible[active_liquidity_notional_usd]" time="0.001" /><testcase classname="tests.test_repo_sys_path_bootstrap" name="test_scripts_dir_is_not_empty" time="0.000" /><testcase classname="tests.test_repo_sys_path_bootstrap" name="test_every_module_importing_scripts_bootstraps_sys_path" time="0.007" /><testcase classname="tests.test_rh02ba_silent_failure_hunt2" name="test_issue1_unknown_token_price_fails_close" time="0.001" /><testcase classname="tests.test_rh02ba_silent_failure_hunt2" name="test_issue1_known_token_price_anti_regression" time="0.005" /><testcase classname="tests.test_rh02ba_silent_failure_hunt2" name="test_issue2_missing_capacity_fails_close" time="0.003" /><testcase classname="tests.test_rh02ba_silent_failure_hunt2" name="test_issue2_full_capacity_slippage_is_not_zero" time="0.002" /><testcase classname="tests.test_rh02ba_silent_failure_hunt2" name="test_issue2_real_probe_data_anti_regression" time="0.002" /><testcase classname="tests.test_rh02ba_silent_failure_hunt2" name="test_issue3_exact_tick_boundaries_vs_linear_approximation" time="0.006" /><testcase classname="tests.test_rh02ba_silent_failure_hunt2" name="test_issue3_invalid_range_fails_close" time="0.001" /><testcase classname="tests.test_rh02ba_silent_failure_hunt2" name="test_issue3_paper_position_real_pool_anti_regression" time="0.000" /><testcase classname="tests.test_rh02ba_silent_failure_hunt2" name="test_issue4_missing_p95_drift_fails_to_calibrated_base_rate" time="0.003" /><testcase classname="tests.test_rh02ba_silent_failure_hunt2" name="test_issue4_observed_p95_drift_anti_regression" time="0.002" /><testcase classname="tests.test_rh02ba_silent_failure_hunt2" name="test_issue4_real_pool_data" time="0.002" /><testcase classname="tests.test_rh02ba_silent_failure_hunt2" name="test_issue5_malformed_abi_slot_fails_close" time="0.005" /><testcase classname="tests.test_rh02ba_silent_failure_hunt2" name="test_issue5_valid_standard_swap_log_anti_regression" time="0.004" /><testcase classname="tests.test_rh07_0_accrued_fee_position_open_guard" name="test_rh07_0_accrued_fee_zero_when_position_not_open" time="0.019" /><testcase classname="tests.test_rh07_0_copy_new_rows_state_merge" name="test_rh07_0_copy_new_rows_merges_released_reservation" time="0.035" /><testcase classname="tests.test_rh07_0_release_no_independent_commit" name="test_rh07_0_release_does_not_commit_caller_transaction" time="0.035" /><testcase classname="tests.test_rh07_fix_b_r01_episode_tx" name="test_reservation_cancelled_by_episode_rollback" time="0.016" /><testcase classname="tests.test_rh07_fix_b_r01_episode_tx" name="test_reservation_persists_after_episode_commit" time="0.015" /><testcase classname="tests.test_rh07_fix_b_r01_episode_tx" name="test_episode_tx_reverse_validation" time="0.024" /><testcase classname="tests.test_rh07_fix_b_r01_episode_tx" name="test_multi_step_episode_full_rollback" time="0.014" /><testcase classname="tests.test_rh07_fix_c_r2_01_full_cost_wired" name="test_default_shadow_path_applies_real_costs_from_gated" time="0.015" /><testcase classname="tests.test_rh07_fix_c_r2_01_full_cost_wired" name="test_full_cycle_pnl_window_starts_at_pre_trade_capital" time="0.019" /><testcase classname="tests.test_rh07_fix_c_r2_01_full_cost_wired" name="test_distinguishes_grant_lifecycle_with_different_prices" time="0.016" /><testcase classname="tests.test_rh07_fix_c_r2_02_open_lifecycle" name="test_open_lifecycle_frozen_only_on_grant_step" time="0.017" /><testcase classname="tests.test_rh07_fix_c_r2_02_open_lifecycle" name="test_rejected_step_does_not_write_positions_row" time="0.022" /><testcase classname="tests.test_rh07_fix_c_r2_03_unknown_reservation" name="test_copy_new_rows_rejects_unknown_to_released_or_expired" time="0.001" /><testcase classname="tests.test_rh07_fix_c_r2_03_unknown_reservation" name="test_copy_new_rows_allows_pending_to_released_control" time="0.001" /><testcase classname="tests.test_rh07_fix_c_r2_04_stage_b_inputs" name="test_build_state_forwards_eight_economic_inputs" time="0.040" /><testcase classname="tests.test_rh07_fix_c_r2_04_stage_b_inputs" name="test_audit_weekends_covered_uses_full_day_denominator" time="0.004" /><testcase classname="tests.test_rh07_fix_c_r2_04_stage_b_inputs" name="test_multi_day_partial_first_day_uses_actual_span" time="0.017" /><testcase classname="tests.test_rh07_fix_c_r2_04_stage_b_inputs" name="test_isolated_single_day_strict_full_denominator" time="0.003" /><testcase classname="tests.test_rh07_fix_c_r2_05_reconciliation_evidence_selector" name="test_audit_unexplained_ledger_diffs_checks_latest_run_only" time="0.005" /><testcase classname="tests.test_rh07_fix_c_r2_05_reconciliation_evidence_selector" name="test_select_graduation_reconciliation_evidence_filters" time="0.015" /><testcase classname="tests.test_rh07_fix_c_r2_05_reconciliation_evidence_selector" name="test_old_code_version_run_does_not_satisfy_new_code_version" time="0.015" /><testcase classname="tests.test_rh07_fix_c_r2_05_reconciliation_evidence_selector" name="test_old_policy_version_run_does_not_satisfy_new_policy" time="0.015" /><testcase classname="tests.test_rh07_fix_c_r2_05_reconciliation_evidence_selector" name="test_schema_binding_missing_fails_close" time="0.005" /><testcase classname="tests.test_rh07_fix_c_r2_05_reconciliation_evidence_selector" name="test_real_schema_carries_binding_columns" time="0.014" /><testcase classname="tests.test_rh07_fix_c_r2_05_reconciliation_evidence_selector" name="test_existing_db_gets_binding_columns_via_migration" time="0.021" /><testcase classname="tests.test_rh07_fix_c_r2_06_stale_pool_state_blocks" name="test_stale_pool_state_blocks_live_readiness" time="0.015" /><testcase classname="tests.test_rh07_fix_c_r2_06_stale_pool_state_blocks" name="test_stale_pool_state_blocks_default_shadow" time="0.016" /><testcase classname="tests.test_rh07_fix_c_r2_06_stale_pool_state_blocks" name="test_unknown_pool_state_as_of_blocks_default_shadow" time="0.016" /><testcase classname="tests.test_rh07_fix_c_r2_06_stale_pool_state_blocks" name="test_fresh_pool_state_allows_default_shadow" time="0.016" /><testcase classname="tests.test_rh07_fix_c_r2_07_verdict_blocks_missing" name="test_verdict_blocks_on_missing_full_test" time="0.000" /><testcase classname="tests.test_rh07_fix_c_r2_07_verdict_blocks_missing" name="test_verdict_blocks_on_zero_fault_scenarios" time="0.000" /><testcase classname="tests.test_rh07_fix_c_r2_07_verdict_blocks_missing" name="test_verdict_blocks_on_dirty_working_tree" time="0.000" /><testcase classname="tests.test_rh07_fix_c_r2_07_verdict_blocks_missing" name="test_verdict_skips_tests_yields_observation_not_validated" time="0.000" /><testcase classname="tests.test_rh07_fix_c_r2_07_verdict_blocks_missing" name="test_verdict_all_passing_yields_shadow_validated_control" time="0.000" /><testcase classname="tests.test_rh07_fix_c_r2_08_ci_workflow" name="test_audit_regression_workflow_yaml_parses" time="0.007" /><testcase classname="tests.test_rh07_fix_c_r2_08_ci_workflow" name="test_ci_workflow_yaml_parses" time="0.019" /><testcase classname="tests.test_rh07_fix_c_r2_08_ci_workflow" name="test_audit_regression_runs_audit_repro_with_repo_and_allow_other_head" time="0.005" /><testcase classname="tests.test_rh07_fix_c_r2_08_ci_workflow" name="test_audit_regression_assert_step_receives_github_head_sha" time="0.005" /><testcase classname="tests.test_rh07_fix_c_r2_08_ci_workflow" name="test_audit_regression_assert_uses_heredoc_to_avoid_yaml_indent" time="0.005" /><testcase classname="tests.test_rh07_fix_c_r2_08_ci_workflow" name="test_python_rh_tests_installs_required_third_party_packages" time="0.018" /><testcase classname="tests.test_rh07_fix_c_r2_08_ci_workflow" name="test_python_rh_tests_triggers_on_rh_branch_push" time="0.019" /><testcase classname="tests.test_rh07_fix_c_r2_08_ci_workflow" name="test_no_workflow_bypasses_freeze" time="0.001" /><testcase classname="tests.test_rh07_fix_c_r2_09_liquidation_nav_units" name="test_liquidation_nav_scales_raw_liquidity_normal_case" time="0.000" /><testcase classname="tests.test_rh07_fix_c_r2_09_liquidation_nav_units" name="test_liquidation_nav_does_not_amplify_small_principal" time="0.000" /><testcase classname="tests.test_rh07_fix_c_r2_09_liquidation_nav_units" name="test_liquidation_nav_does_not_amplify_medium_principal" time="0.000" /><testcase classname="tests.test_rh07_fix_c_r2_09_liquidation_nav_units" name="test_liquidation_nav_missing_inputs_returns_none" time="0.000" /><testcase classname="tests.test_rh07_fixall_a_f03_full_cost_nav" name="test_full_cost_nav_deducts_frictions" time="0.000" /><testcase classname="tests.test_rh07_fixall_a_f03_full_cost_nav" name="test_full_cost_nav_reverse_validation_defect_simulation" time="0.000" /><testcase classname="tests.test_rh07_fixall_a_f03_full_cost_nav" name="test_liquidation_nav_fail_close_on_missing_fee_growth" time="0.000" /><testcase classname="tests.test_rh07_fixall_a_f03_full_cost_nav" name="test_liquidation_nav_valid_calculation" time="0.000" /><testcase classname="tests.test_rh07_fixall_a_f05_stage_b_economic_gates" name="test_stage_b_fails_without_economic_gates" time="0.000" /><testcase classname="tests.test_rh07_fixall_a_f05_stage_b_economic_gates" name="test_stage_b_passes_with_all_conjunct_gates_met" time="0.000" /><testcase classname="tests.test_rh07_fixall_a_f05_stage_b_economic_gates" name="test_audit_weekends_covered_single_sample_fails" time="0.001" /><testcase classname="tests.test_rh07_fixall_a_f05_stage_b_economic_gates" name="test_stage_b_reverse_validation_defect_simulation" time="0.000" /><testcase classname="tests.test_rh07_fixall_a_f06_reconciliation_into_graduation" name="test_reconciliation_failure_detected_as_diff" time="0.001" /><testcase classname="tests.test_rh07_fixall_a_f06_reconciliation_into_graduation" name="test_reconciliation_pass_allows_clean_audit" time="0.001" /><testcase classname="tests.test_rh07_fixall_a_f06_reconciliation_into_graduation" name="test_reconciliation_blocker_propagates_to_stage_b" time="0.000" /><testcase classname="tests.test_rh07_fixall_a_f06_reconciliation_into_graduation" name="test_reconciliation_reverse_validation_defect_simulation" time="0.001" /><testcase classname="tests.test_rh07_fixall_a_f07_unified_coverage_window" name="test_unified_window_denominator_no_shrinking" time="0.009" /><testcase classname="tests.test_rh07_fixall_a_f07_unified_coverage_window" name="test_unified_window_all_columns_passing" time="0.002" /><testcase classname="tests.test_rh07_fixall_a_f07_unified_coverage_window" name="test_unified_window_reverse_validation_defect_simulation" time="0.008" /><testcase classname="tests.test_rh07_fixall_a_f08_verdict_hard_block" name="test_test_failure_hard_blocks_verdict" time="0.000" /><testcase classname="tests.test_rh07_fixall_a_f08_verdict_hard_block" name="test_fault_injection_failure_hard_blocks_verdict" time="0.000" /><testcase classname="tests.test_rh07_fixall_a_f08_verdict_hard_block" name="test_clean_execution_yields_shadow_validated" time="0.000" /><testcase classname="tests.test_rh07_fixall_a_f08_verdict_hard_block" name="test_verdict_reverse_validation_defect_simulation" time="0.000" /><testcase classname="tests.test_solana_m1_sidecar_e3" name="test_official_token2022_and_orca_program_ids_are_not_aliases" time="0.000" /><testcase classname="tests.test_solana_m1_sidecar_e3" name="test_action_and_program_allowlists_are_exact" time="0.000" /><testcase classname="tests.test_solana_m1_sidecar_e3" name="test_unsigned_builder_contains_zero_signatures_and_never_accepts_secret_material" time="0.000" /><testcase classname="tests.test_solana_m1_sidecar_e3" name="test_broadcast_dual_gate_is_checked_before_transport[env0-]" time="0.000" /><testcase classname="tests.test_solana_m1_sidecar_e3" name="test_broadcast_dual_gate_is_checked_before_transport[env1-]" time="0.000" /><testcase classname="tests.test_solana_m1_sidecar_e3" name="test_broadcast_dual_gate_is_checked_before_transport[env2-CONFIRM_SOLANA_M1_LIVE_BROADCAST]" time="0.000" /><testcase classname="tests.test_solana_m1_sidecar_e3" name="test_raw_private_key_and_mnemonic_environment_is_forbidden" time="0.000" /><testcase classname="tests.test_solana_m1_sidecar_e3" name="test_each_preflight_check_fails_closed[simulate_ok]" time="0.000" /><testcase classname="tests.test_solana_m1_sidecar_e3" name="test_each_preflight_check_fails_closed[quote_ok]" time="0.000" /><testcase classname="tests.test_solana_m1_sidecar_e3" name="test_each_preflight_check_fails_closed[basis_ok]" time="0.000" /><testcase classname="tests.test_solana_m1_sidecar_e3" name="test_each_preflight_check_fails_closed[rpc_health_ok]" time="0.000" /><testcase classname="tests.test_solana_m1_sidecar_e3" name="test_each_preflight_check_fails_closed[wallet_balance_ok]" time="0.000" /><testcase classname="tests.test_solana_m1_sidecar_e3" name="test_program_requires_both_allowlist_and_runtime_executable_evidence" time="0.000" /><testcase classname="tests.test_solana_m1_sidecar_e3" name="test_protocol_program_and_semantic_action_must_match" time="0.001" /><testcase classname="tests.test_solana_m1_sidecar_e3" name="test_support_instruction_must_also_be_allowlisted_and_verified" time="0.000" /><testcase classname="tests.test_solana_m1_sidecar_e3" name="test_exit_only_allows_only_reduce_risk_and_explicit_reduce_swap" time="0.005" /><testcase classname="tests.test_solana_m1_sidecar_e3" name="test_caps_ids_deadline_and_blockhash_are_fail_closed" time="0.005" /><testcase classname="tests.test_solana_m1_sidecar_e3" name="test_ledger_reservation_enforces_idempotency_and_counts_inflight_daily_cap" time="0.006" /><testcase classname="tests.test_solana_m1_sidecar_e3" name="test_daily_cap_counts_one_latest_lifecycle_row_per_idempotency_key" time="0.009" /><testcase classname="tests.test_solana_m1_sidecar_e3" name="test_token_2022_scaled_ui_amount_keeps_raw_accounting_and_ui_semantics_separate" time="0.001" /><testcase classname="tests.test_solana_m1_sidecar_e3" name="test_scaled_ui_scheduled_multiplier_activates_by_timestamp" time="0.000" /><testcase classname="tests.test_solana_m1_sidecar_e3" name="test_legacy_spl_mint_has_identity_ui_multiplier_and_wrong_owner_rejected" time="0.000" /><testcase classname="tests.test_solana_m1_sidecar_e3" name="test_dry_run_builds_and_simulates_without_signing_broadcast_or_ledger_write" time="0.006" /><testcase classname="tests.test_solana_m1_sidecar_e3" name="test_simulation_error_rejects_dry_run" time="0.006" /><testcase classname="tests.test_solana_m1_sidecar_e3" name="test_locked_sidecar_never_calls_signer_even_after_successful_simulation" time="0.005" /><testcase classname="tests.test_solana_m1_sidecar_e3" name="test_unlocked_fake_transport_confirms_and_forces_result_to_ledger" time="0.008" /><testcase classname="tests.test_solana_m1_sidecar_e3" name="test_signature_failure_is_rejected_and_never_marked_confirmed" time="0.001" /><testcase classname="tests.test_solana_m1_sidecar_e3" name="test_kill_switch_is_durable_and_blocks_open" time="0.006" /><testcase classname="tests.test_solana_m1_sidecar_e3" name="test_encrypted_keystore_permissions_and_external_signer_boundary" time="0.005" /><testcase classname="tests.test_solana_m1_sidecar_e3" name="test_cli_runner_produces_c5_shaped_report_with_only_read_and_simulate_rpc" time="0.005" /><testcase classname="tests.test_solana_m1_sidecar_e3" name="test_cli_runner_rejects_plan_claimed_wallet_balance_when_rpc_reports_zero" time="0.005" /><testcase classname="tests.test_solana_m1_sidecar_e3" name="test_exit_only_rejects_self_reported_reducing_swap_when_actual_direction_adds_exposure" time="0.015" /></testsuite></testsuites>